Log file open, 04/08/21 21:47:24
LogInit: Display: Running engine for game: BorisenkoAI26
LogPlatformFile: Not using cached read wrapper
LogTaskGraph: Started task graph with 5 named threads and 47 total threads with 3 sets of task threads.
LogStats: Stats thread started at 0.183685
LogD3D11RHI: Loaded GFSDK_Aftermath_Lib.x64.dll
LogICUInternationalization: ICU TimeZone Detection - Raw Offset: +3:00, Platform Override: ''
LogPluginManager: Mounting plugin Paper2D
LogPluginManager: Mounting plugin AISupport
LogPluginManager: Mounting plugin LightPropagationVolume
LogPluginManager: Mounting plugin CameraShakePreviewer
LogPluginManager: Mounting plugin ActorLayerUtilities
LogPluginManager: Mounting plugin AnimationSharing
LogPluginManager: Mounting plugin CLionSourceCodeAccess
LogPluginManager: Mounting plugin CodeLiteSourceCodeAccess
LogPluginManager: Mounting plugin GitSourceControl
LogPluginManager: Mounting plugin KDevelopSourceCodeAccess
LogPluginManager: Mounting plugin NullSourceCodeAccess
LogPluginManager: Mounting plugin PerforceSourceControl
LogPluginManager: Mounting plugin PlasticSourceControl
LogPluginManager: Mounting plugin RiderSourceCodeAccess
LogPluginManager: Mounting plugin SubversionSourceControl
LogPluginManager: Mounting plugin UObjectPlugin
LogPluginManager: Mounting plugin VisualStudioCodeSourceCodeAccess
LogPluginManager: Mounting plugin VisualStudioSourceCodeAccess
LogPluginManager: Mounting plugin XCodeSourceCodeAccess
LogPluginManager: Mounting plugin AssetManagerEditor
LogPluginManager: Mounting plugin CryptoKeys
LogPluginManager: Mounting plugin CurveEditorTools
LogPluginManager: Mounting plugin DataValidation
LogPluginManager: Mounting plugin EditorScriptingUtilities
LogPluginManager: Mounting plugin FacialAnimation
LogPluginManager: Mounting plugin GameplayTagsEditor
LogPluginManager: Mounting plugin GeometryMode
LogPluginManager: Mounting plugin MacGraphicsSwitching
LogPluginManager: Mounting plugin MaterialAnalyzer
LogPluginManager: Mounting plugin MobileLauncherProfileWizard
LogPluginManager: Mounting plugin PluginBrowser
LogPluginManager: Mounting plugin SpeedTreeImporter
LogPluginManager: Mounting plugin DatasmithContent
LogPluginManager: Mounting plugin VariantManagerContent
LogPluginManager: Mounting plugin AlembicImporter
LogPluginManager: Mounting plugin AutomationUtils
LogPluginManager: Mounting plugin BackChannel
LogPluginManager: Mounting plugin ChaosCloth
LogPluginManager: Mounting plugin ChaosClothEditor
LogPluginManager: Mounting plugin ChaosEditor
LogPluginManager: Mounting plugin ChaosNiagara
LogPluginManager: Mounting plugin ChaosSolverPlugin
LogPluginManager: Mounting plugin CharacterAI
LogPluginManager: Mounting plugin GeometryCache
LogPluginManager: Mounting plugin GeometryCollectionPlugin
LogPluginManager: Mounting plugin GeometryProcessing
LogPluginManager: Mounting plugin PlanarCut
LogPluginManager: Mounting plugin PlatformCrypto
LogPluginManager: Mounting plugin ProxyLODPlugin
LogPluginManager: Mounting plugin SkeletalReduction
LogPluginManager: Mounting plugin Niagara
LogPluginManager: Mounting plugin MagicLeap
LogPluginManager: Mounting plugin MagicLeapLightEstimation
LogPluginManager: Mounting plugin MagicLeapMedia
LogPluginManager: Mounting plugin MagicLeapPassableWorld
LogPluginManager: Mounting plugin MLSDK
LogPluginManager: Mounting plugin AndroidMedia
LogPluginManager: Mounting plugin AvfMedia
LogPluginManager: Mounting plugin ImgMedia
LogPluginManager: Mounting plugin MediaCompositing
LogPluginManager: Mounting plugin MediaPlayerEditor
LogPluginManager: Mounting plugin WebMMedia
LogPluginManager: Mounting plugin WmfMedia
LogPluginManager: Mounting plugin MeshPainting
LogPluginManager: Mounting plugin TcpMessaging
LogPluginManager: Mounting plugin UdpMessaging
LogPluginManager: Mounting plugin ActorSequence
LogPluginManager: Mounting plugin LevelSequenceEditor
LogPluginManager: Mounting plugin MatineeToLevelSequence
LogPluginManager: Mounting plugin MovieRenderPipeline
LogPluginManager: Mounting plugin TemplateSequence
LogPluginManager: Mounting plugin NetcodeUnitTest
LogPluginManager: Mounting plugin NUTUnrealEngine4
LogPluginManager: Mounting plugin OnlineSubsystemGooglePlay
LogPluginManager: Mounting plugin OnlineSubsystemIOS
LogPluginManager: Mounting plugin OnlineSubsystem
LogPluginManager: Mounting plugin OnlineSubsystemNull
LogPluginManager: Mounting plugin OnlineSubsystemUtils
LogPluginManager: Mounting plugin LauncherChunkInstaller
LogPluginManager: Mounting plugin AndroidDeviceProfileSelector
LogPluginManager: Mounting plugin AndroidMoviePlayer
LogPluginManager: Mounting plugin AndroidPermission
LogPluginManager: Mounting plugin AppleImageUtils
LogPluginManager: Mounting plugin AppleMoviePlayer
LogPluginManager: Mounting plugin ArchVisCharacter
LogPluginManager: Mounting plugin AssetTags
LogPluginManager: Mounting plugin AudioCapture
LogPluginManager: Mounting plugin CableComponent
LogPluginManager: Mounting plugin CustomMeshComponent
LogPluginManager: Mounting plugin EditableMesh
LogPluginManager: Mounting plugin ExampleDeviceProfileSelector
LogPluginManager: Mounting plugin GoogleCloudMessaging
LogPluginManager: Mounting plugin GooglePAD
LogPluginManager: Mounting plugin IOSDeviceProfileSelector
LogPluginManager: Mounting plugin LinuxDeviceProfileSelector
LogPluginManager: Mounting plugin LocationServicesBPLibrary
LogPluginManager: Mounting plugin MobilePatchingUtils
LogPluginManager: Mounting plugin OculusVR
LogPluginManager: Mounting plugin PhysXVehicles
LogPluginManager: Mounting plugin PostSplashScreen
LogPluginManager: Mounting plugin ProceduralMeshComponent
LogPluginManager: Mounting plugin RuntimePhysXCooking
LogPluginManager: Mounting plugin SignificanceManager
LogPluginManager: Mounting plugin SoundFields
LogPluginManager: Mounting plugin SteamVR
LogPluginManager: Mounting plugin Synthesis
LogPluginManager: Mounting plugin WebMMoviePlayer
LogPluginManager: Mounting plugin WindowsMoviePlayer
LogPluginManager: Mounting plugin ScreenshotTools
LogInit: Using libcurl 7.55.1-DEV
LogInit:  - built for x86_64-pc-win32
LogInit:  - supports SSL with OpenSSL/1.1.1
LogInit:  - supports HTTP deflate (compression) using libz 1.2.8
LogInit:  - other features:
LogInit:      CURL_VERSION_SSL
LogInit:      CURL_VERSION_LIBZ
LogInit:      CURL_VERSION_IPV6
LogInit:      CURL_VERSION_ASYNCHDNS
LogInit:      CURL_VERSION_LARGEFILE
LogInit:      CURL_VERSION_IDN
LogInit:  CurlRequestOptions (configurable via config and command line):
LogInit:  - bVerifyPeer = true  - Libcurl will verify peer certificate
LogInit:  - bUseHttpProxy = false  - Libcurl will NOT use HTTP proxy
LogInit:  - bDontReuseConnections = false  - Libcurl will reuse connections
LogInit:  - MaxHostConnections = 16  - Libcurl will limit the number of connections to a host
LogInit:  - LocalHostAddr = Default
LogInit:  - BufferSize = 65536
LogOnline: OSS: Creating online subsystem instance for: NULL
LogInit: WinSock: version 1.1 (2.2), MaxSocks=32767, MaxUdp=65467
LogOnline: OSS: TryLoadSubsystemAndSetDefault: Loaded subsystem for module [NULL]
LogInit: Build: ++UE4+Release-4.25-CL-14469661
LogInit: Engine Version: 4.25.4-14469661+++UE4+Release-4.25
LogInit: Compatible Engine Version: 4.25.0-13144385+++UE4+Release-4.25
LogInit: Net CL: 13144385
LogInit: OS: Windows 10 (Release 1909) (), CPU: AMD Ryzen 7 4800H with Radeon Graphics         , GPU: AMD Radeon(TM) Graphics
LogInit: Compiled (64-bit): Oct 11 2020 08:10:49
LogInit: Compiled with Visual C++: 19.24.28315.00
LogInit: Build Configuration: Development
LogInit: Branch Name: ++UE4+Release-4.25
LogInit: Command Line: 
LogInit: Base Directory: C:/Program Files/Epic Games/UE_4.25/Engine/Binaries/Win64/
LogInit: Allocator: TBB
LogInit: Installed Engine Build: 1
LogDevObjectVersion: Number of dev versions registered: 26
LogDevObjectVersion:   Dev-Blueprints (B0D832E4-1F89-4F0D-ACCF-7EB736FD4AA2): 10
LogDevObjectVersion:   Dev-Build (E1C64328-A22C-4D53-A36C-8E866417BD8C): 0
LogDevObjectVersion:   Dev-Core (375EC13C-06E4-48FB-B500-84F0262A717E): 4
LogDevObjectVersion:   Dev-Editor (E4B068ED-F494-42E9-A231-DA0B2E46BB41): 38
LogDevObjectVersion:   Dev-Framework (CFFC743F-43B0-4480-9391-14DF171D2073): 37
LogDevObjectVersion:   Dev-Mobile (B02B49B5-BB20-44E9-A304-32B752E40360): 2
LogDevObjectVersion:   Dev-Networking (A4E4105C-59A1-49B5-A7C5-40C4547EDFEE): 0
LogDevObjectVersion:   Dev-Online (39C831C9-5AE6-47DC-9A44-9C173E1C8E7C): 0
LogDevObjectVersion:   Dev-Physics (78F01B33-EBEA-4F98-B9B4-84EACCB95AA2): 4
LogDevObjectVersion:   Dev-Platform (6631380F-2D4D-43E0-8009-CF276956A95A): 0
LogDevObjectVersion:   Dev-Rendering (12F88B9F-8875-4AFC-A67C-D90C383ABD29): 43
LogDevObjectVersion:   Dev-Sequencer (7B5AE74C-D270-4C10-A958-57980B212A5A): 12
LogDevObjectVersion:   Dev-VR (D7296918-1DD6-4BDD-9DE2-64A83CC13884): 3
LogDevObjectVersion:   Dev-LoadTimes (C2A15278-BFE7-4AFE-6C17-90FF531DF755): 1
LogDevObjectVersion:   Private-Geometry (6EACA3D4-40EC-4CC1-B786-8BED09428FC5): 3
LogDevObjectVersion:   Dev-AnimPhys (29E575DD-E0A3-4627-9D10-D276232CDCEA): 17
LogDevObjectVersion:   Dev-Anim (AF43A65D-7FD3-4947-9873-3E8ED9C1BB05): 7
LogDevObjectVersion:   Dev-ReflectionCapture (6B266CEC-1EC7-4B8F-A30B-E4D90942FC07): 1
LogDevObjectVersion:   Dev-Automation (0DF73D61-A23F-47EA-B727-89E90C41499A): 1
LogDevObjectVersion:   FortniteMain (601D1886-AC64-4F84-AA16-D3DE0DEAC7D6): 31
LogDevObjectVersion:   Dev-Enterprise (9DFFBCD6-494F-0158-E221-12823C92A888): 10
LogDevObjectVersion:   Dev-Niagara (F2AED0AC-9AFE-416F-8664-AA7FFA26D6FC): 1
LogDevObjectVersion:   Dev-Destruction (174F1F0B-B4C6-45A5-B13F-2EE8D0FB917D): 10
LogDevObjectVersion:   Dev-Physics-Ext (35F94A83-E258-406C-A318-09F59610247C): 37
LogDevObjectVersion:   Dev-PhysicsMaterial-Chaos (B68FC16E-8B1B-42E2-B453-215C058844FE): 1
LogDevObjectVersion:   Dev-CineCamera (B2E18506-4273-CFC2-A54E-F4BB758BBA07): 1
LogInit: Presizing for max 25165824 objects, including 0 objects not considered by GC, pre-allocating 0 bytes for permanent pool.
LogConfig: Applying CVar settings from Section [/Script/Engine.StreamingSettings] File [C:/Users/20021/Documents/Unreal Projects/GeekBrains/BorisenkoAI26/Saved/Config/Windows/Engine.ini]
LogConfig: Setting CVar [[s.MinBulkDataSizeForAsyncLoading:131072]]
LogConfig: Setting CVar [[s.AsyncLoadingThreadEnabled:0]]
LogConfig: Setting CVar [[s.EventDrivenLoaderEnabled:1]]
LogConfig: Setting CVar [[s.WarnIfTimeLimitExceeded:0]]
LogConfig: Setting CVar [[s.TimeLimitExceededMultiplier:1.5]]
LogConfig: Setting CVar [[s.TimeLimitExceededMinTime:0.005]]
LogConfig: Setting CVar [[s.UseBackgroundLevelStreaming:1]]
LogConfig: Setting CVar [[s.PriorityAsyncLoadingExtraTime:15.0]]
LogConfig: Setting CVar [[s.LevelStreamingActorsUpdateTimeLimit:5.0]]
LogConfig: Setting CVar [[s.PriorityLevelStreamingActorsUpdateExtraTime:5.0]]
LogConfig: Setting CVar [[s.LevelStreamingComponentsRegistrationGranularity:10]]
LogConfig: Setting CVar [[s.UnregisterComponentsTimeLimit:1.0]]
LogConfig: Setting CVar [[s.LevelStreamingComponentsUnregistrationGranularity:5]]
LogConfig: Setting CVar [[s.FlushStreamingOnExit:1]]
LogInit: Object subsystem initialized
LogConfig: Setting CVar [[con.DebugEarlyDefault:1]]
LogConfig: Setting CVar [[r.setres:1280x720]]
[2021.04.08-18.47.24:658][  0]LogConfig: Setting CVar [[r.VSync:0]]
[2021.04.08-18.47.24:658][  0]LogConfig: Setting CVar [[r.RHICmdBypass:0]]
[2021.04.08-18.47.24:658][  0]LogConfig: Applying CVar settings from Section [/Script/Engine.RendererSettings] File [C:/Users/20021/Documents/Unreal Projects/GeekBrains/BorisenkoAI26/Saved/Config/Windows/Engine.ini]
[2021.04.08-18.47.24:658][  0]LogConfig: Setting CVar [[r.GPUCrashDebugging:0]]
[2021.04.08-18.47.24:658][  0]LogConfig: Applying CVar settings from Section [/Script/Engine.RendererOverrideSettings] File [C:/Users/20021/Documents/Unreal Projects/GeekBrains/BorisenkoAI26/Saved/Config/Windows/Engine.ini]
[2021.04.08-18.47.24:658][  0]LogConfig: Applying CVar settings from Section [/Script/Engine.StreamingSettings] File [C:/Users/20021/Documents/Unreal Projects/GeekBrains/BorisenkoAI26/Saved/Config/Windows/Engine.ini]
[2021.04.08-18.47.24:658][  0]LogConfig: Setting CVar [[s.MinBulkDataSizeForAsyncLoading:131072]]
[2021.04.08-18.47.24:658][  0]LogConfig: Setting CVar [[s.AsyncLoadingThreadEnabled:0]]
[2021.04.08-18.47.24:658][  0]LogConfig: Setting CVar [[s.EventDrivenLoaderEnabled:1]]
[2021.04.08-18.47.24:659][  0]LogConfig: Setting CVar [[s.WarnIfTimeLimitExceeded:0]]
[2021.04.08-18.47.24:659][  0]LogConfig: Setting CVar [[s.TimeLimitExceededMultiplier:1.5]]
[2021.04.08-18.47.24:659][  0]LogConfig: Setting CVar [[s.TimeLimitExceededMinTime:0.005]]
[2021.04.08-18.47.24:659][  0]LogConfig: Setting CVar [[s.UseBackgroundLevelStreaming:1]]
[2021.04.08-18.47.24:659][  0]LogConfig: Setting CVar [[s.PriorityAsyncLoadingExtraTime:15.0]]
[2021.04.08-18.47.24:659][  0]LogConfig: Setting CVar [[s.LevelStreamingActorsUpdateTimeLimit:5.0]]
[2021.04.08-18.47.24:659][  0]LogConfig: Setting CVar [[s.PriorityLevelStreamingActorsUpdateExtraTime:5.0]]
[2021.04.08-18.47.24:659][  0]LogConfig: Setting CVar [[s.LevelStreamingComponentsRegistrationGranularity:10]]
[2021.04.08-18.47.24:659][  0]LogConfig: Setting CVar [[s.UnregisterComponentsTimeLimit:1.0]]
[2021.04.08-18.47.24:659][  0]LogConfig: Setting CVar [[s.LevelStreamingComponentsUnregistrationGranularity:5]]
[2021.04.08-18.47.24:659][  0]LogConfig: Setting CVar [[s.FlushStreamingOnExit:1]]
[2021.04.08-18.47.24:659][  0]LogConfig: Applying CVar settings from Section [/Script/Engine.GarbageCollectionSettings] File [C:/Users/20021/Documents/Unreal Projects/GeekBrains/BorisenkoAI26/Saved/Config/Windows/Engine.ini]
[2021.04.08-18.47.24:659][  0]LogConfig: Setting CVar [[gc.MaxObjectsNotConsideredByGC:1]]
[2021.04.08-18.47.24:659][  0]LogConfig: Setting CVar [[gc.SizeOfPermanentObjectPool:0]]
[2021.04.08-18.47.24:659][  0]LogConfig: Setting CVar [[gc.FlushStreamingOnGC:0]]
[2021.04.08-18.47.24:659][  0]LogConfig: Setting CVar [[gc.NumRetriesBeforeForcingGC:10]]
[2021.04.08-18.47.24:659][  0]LogConfig: Setting CVar [[gc.AllowParallelGC:1]]
[2021.04.08-18.47.24:659][  0]LogConfig: Setting CVar [[gc.TimeBetweenPurgingPendingKillObjects:61.1]]
[2021.04.08-18.47.24:659][  0]LogConfig: Setting CVar [[gc.MaxObjectsInEditor:25165824]]
[2021.04.08-18.47.24:659][  0]LogConfig: Setting CVar [[gc.IncrementalBeginDestroyEnabled:1]]
[2021.04.08-18.47.24:659][  0]LogConfig: Setting CVar [[gc.CreateGCClusters:1]]
[2021.04.08-18.47.24:659][  0]LogConfig: Setting CVar [[gc.MinGCClusterSize:5]]
[2021.04.08-18.47.24:659][  0]LogConfig: Setting CVar [[gc.ActorClusteringEnabled:0]]
[2021.04.08-18.47.24:659][  0]LogConfig: Setting CVar [[gc.BlueprintClusteringEnabled:0]]
[2021.04.08-18.47.24:659][  0]LogConfig: Setting CVar [[gc.UseDisregardForGCOnDedicatedServers:0]]
[2021.04.08-18.47.24:659][  0]LogConfig: Applying CVar settings from Section [/Script/Engine.NetworkSettings] File [C:/Users/20021/Documents/Unreal Projects/GeekBrains/BorisenkoAI26/Saved/Config/Windows/Engine.ini]
[2021.04.08-18.47.24:659][  0]LogConfig: Applying CVar settings from Section [/Script/UnrealEd.CookerSettings] File [C:/Users/20021/Documents/Unreal Projects/GeekBrains/BorisenkoAI26/Saved/Config/Windows/Engine.ini]
[2021.04.08-18.47.24:660][  0]LogConfig: Applying CVar settings from Section [ViewDistanceQuality@3] File [C:/Users/20021/Documents/Unreal Projects/GeekBrains/BorisenkoAI26/Saved/Config/Windows/Scalability.ini]
[2021.04.08-18.47.24:661][  0]LogConfig: Setting CVar [[r.SkeletalMeshLODBias:0]]
[2021.04.08-18.47.24:661][  0]LogConfig: Setting CVar [[r.ViewDistanceScale:1.0]]
[2021.04.08-18.47.24:661][  0]LogConfig: Applying CVar settings from Section [AntiAliasingQuality@3] File [C:/Users/20021/Documents/Unreal Projects/GeekBrains/BorisenkoAI26/Saved/Config/Windows/Scalability.ini]
[2021.04.08-18.47.24:661][  0]LogConfig: Setting CVar [[r.PostProcessAAQuality:4]]
[2021.04.08-18.47.24:661][  0]LogConfig: Applying CVar settings from Section [ShadowQuality@3] File [C:/Users/20021/Documents/Unreal Projects/GeekBrains/BorisenkoAI26/Saved/Config/Windows/Scalability.ini]
[2021.04.08-18.47.24:661][  0]LogConfig: Setting CVar [[r.LightFunctionQuality:1]]
[2021.04.08-18.47.24:661][  0]LogConfig: Setting CVar [[r.ShadowQuality:5]]
[2021.04.08-18.47.24:661][  0]LogConfig: Setting CVar [[r.Shadow.CSM.MaxCascades:10]]
[2021.04.08-18.47.24:661][  0]LogConfig: Setting CVar [[r.Shadow.MaxResolution:2048]]
[2021.04.08-18.47.24:661][  0]LogConfig: Setting CVar [[r.Shadow.MaxCSMResolution:2048]]
[2021.04.08-18.47.24:661][  0]LogConfig: Setting CVar [[r.Shadow.RadiusThreshold:0.01]]
[2021.04.08-18.47.24:661][  0]LogConfig: Setting CVar [[r.Shadow.DistanceScale:1.0]]
[2021.04.08-18.47.24:661][  0]LogConfig: Setting CVar [[r.Shadow.CSM.TransitionScale:1.0]]
[2021.04.08-18.47.24:661][  0]LogConfig: Setting CVar [[r.Shadow.PreShadowResolutionFactor:1.0]]
[2021.04.08-18.47.24:661][  0]LogConfig: Setting CVar [[r.DistanceFieldShadowing:1]]
[2021.04.08-18.47.24:661][  0]LogConfig: Setting CVar [[r.DistanceFieldAO:1]]
[2021.04.08-18.47.24:661][  0]LogConfig: Setting CVar [[r.AOQuality:2]]
[2021.04.08-18.47.24:661][  0]LogConfig: Setting CVar [[r.VolumetricFog:1]]
[2021.04.08-18.47.24:661][  0]LogConfig: Setting CVar [[r.VolumetricFog.GridPixelSize:8]]
[2021.04.08-18.47.24:661][  0]LogConfig: Setting CVar [[r.VolumetricFog.GridSizeZ:128]]
[2021.04.08-18.47.24:661][  0]LogConfig: Setting CVar [[r.VolumetricFog.HistoryMissSupersampleCount:4]]
[2021.04.08-18.47.24:661][  0]LogConfig: Setting CVar [[r.LightMaxDrawDistanceScale:1]]
[2021.04.08-18.47.24:661][  0]LogConfig: Setting CVar [[r.CapsuleShadows:1]]
[2021.04.08-18.47.24:661][  0]LogConfig: Applying CVar settings from Section [PostProcessQuality@3] File [C:/Users/20021/Documents/Unreal Projects/GeekBrains/BorisenkoAI26/Saved/Config/Windows/Scalability.ini]
[2021.04.08-18.47.24:661][  0]LogConfig: Setting CVar [[r.MotionBlurQuality:4]]
[2021.04.08-18.47.24:661][  0]LogConfig: Setting CVar [[r.AmbientOcclusionMipLevelFactor:0.4]]
[2021.04.08-18.47.24:661][  0]LogConfig: Setting CVar [[r.AmbientOcclusionMaxQuality:100]]
[2021.04.08-18.47.24:661][  0]LogConfig: Setting CVar [[r.AmbientOcclusionLevels:-1]]
[2021.04.08-18.47.24:661][  0]LogConfig: Setting CVar [[r.AmbientOcclusionRadiusScale:1.0]]
[2021.04.08-18.47.24:661][  0]LogConfig: Setting CVar [[r.DepthOfFieldQuality:2]]
[2021.04.08-18.47.24:661][  0]LogConfig: Setting CVar [[r.RenderTargetPoolMin:400]]
[2021.04.08-18.47.24:661][  0]LogConfig: Setting CVar [[r.LensFlareQuality:2]]
[2021.04.08-18.47.24:661][  0]LogConfig: Setting CVar [[r.SceneColorFringeQuality:1]]
[2021.04.08-18.47.24:661][  0]LogConfig: Setting CVar [[r.EyeAdaptationQuality:2]]
[2021.04.08-18.47.24:661][  0]LogConfig: Setting CVar [[r.BloomQuality:5]]
[2021.04.08-18.47.24:661][  0]LogConfig: Setting CVar [[r.FastBlurThreshold:100]]
[2021.04.08-18.47.24:661][  0]LogConfig: Setting CVar [[r.Upscale.Quality:3]]
[2021.04.08-18.47.24:661][  0]LogConfig: Setting CVar [[r.Tonemapper.GrainQuantization:1]]
[2021.04.08-18.47.24:661][  0]LogConfig: Setting CVar [[r.LightShaftQuality:1]]
[2021.04.08-18.47.24:661][  0]LogConfig: Setting CVar [[r.Filter.SizeScale:1]]
[2021.04.08-18.47.24:661][  0]LogConfig: Setting CVar [[r.Tonemapper.Quality:5]]
[2021.04.08-18.47.24:661][  0]LogConfig: Setting CVar [[r.DOF.Gather.AccumulatorQuality:1        ; higher gathering accumulator quality]]
[2021.04.08-18.47.24:661][  0]LogConfig: Setting CVar [[r.DOF.Gather.PostfilterMethod:1          ; Median3x3 postfilering method]]
[2021.04.08-18.47.24:661][  0]LogConfig: Setting CVar [[r.DOF.Gather.EnableBokehSettings:0       ; no bokeh simulation when gathering]]
[2021.04.08-18.47.24:661][  0]LogConfig: Setting CVar [[r.DOF.Gather.RingCount:4                 ; medium number of samples when gathering]]
[2021.04.08-18.47.24:661][  0]LogConfig: Setting CVar [[r.DOF.Scatter.ForegroundCompositing:1    ; additive foreground scattering]]
[2021.04.08-18.47.24:661][  0]LogConfig: Setting CVar [[r.DOF.Scatter.BackgroundCompositing:2    ; additive background scattering]]
[2021.04.08-18.47.24:661][  0]LogConfig: Setting CVar [[r.DOF.Scatter.EnableBokehSettings:1      ; bokeh simulation when scattering]]
[2021.04.08-18.47.24:661][  0]LogConfig: Setting CVar [[r.DOF.Scatter.MaxSpriteRatio:0.1         ; only a maximum of 10% of scattered bokeh]]
[2021.04.08-18.47.24:661][  0]LogConfig: Setting CVar [[r.DOF.Recombine.Quality:1                ; cheap slight out of focus]]
[2021.04.08-18.47.24:661][  0]LogConfig: Setting CVar [[r.DOF.Recombine.EnableBokehSettings:0    ; no bokeh simulation on slight out of focus]]
[2021.04.08-18.47.24:661][  0]LogConfig: Setting CVar [[r.DOF.TemporalAAQuality:1                ; more stable temporal accumulation]]
[2021.04.08-18.47.24:661][  0]LogConfig: Setting CVar [[r.DOF.Kernel.MaxForegroundRadius:0.025]]
[2021.04.08-18.47.24:661][  0]LogConfig: Setting CVar [[r.DOF.Kernel.MaxBackgroundRadius:0.025]]
[2021.04.08-18.47.24:661][  0]LogConfig: Applying CVar settings from Section [TextureQuality@3] File [C:/Users/20021/Documents/Unreal Projects/GeekBrains/BorisenkoAI26/Saved/Config/Windows/Scalability.ini]
[2021.04.08-18.47.24:661][  0]LogConfig: Setting CVar [[r.Streaming.MipBias:0]]
[2021.04.08-18.47.24:661][  0]LogConfig: Setting CVar [[r.Streaming.AmortizeCPUToGPUCopy:0]]
[2021.04.08-18.47.24:661][  0]LogConfig: Setting CVar [[r.Streaming.MaxNumTexturesToStreamPerFrame:0]]
[2021.04.08-18.47.24:661][  0]LogConfig: Setting CVar [[r.Streaming.Boost:1]]
[2021.04.08-18.47.24:661][  0]LogConfig: Setting CVar [[r.MaxAnisotropy:8]]
[2021.04.08-18.47.24:661][  0]LogConfig: Setting CVar [[r.VT.MaxAnisotropy:8]]
[2021.04.08-18.47.24:661][  0]LogConfig: Setting CVar [[r.Streaming.LimitPoolSizeToVRAM:0]]
[2021.04.08-18.47.24:661][  0]LogConfig: Setting CVar [[r.Streaming.PoolSize:1000]]
[2021.04.08-18.47.24:661][  0]LogConfig: Setting CVar [[r.Streaming.MaxEffectiveScreenSize:0]]
[2021.04.08-18.47.24:661][  0]LogConfig: Applying CVar settings from Section [EffectsQuality@3] File [C:/Users/20021/Documents/Unreal Projects/GeekBrains/BorisenkoAI26/Saved/Config/Windows/Scalability.ini]
[2021.04.08-18.47.24:661][  0]LogConfig: Setting CVar [[r.TranslucencyLightingVolumeDim:64]]
[2021.04.08-18.47.24:661][  0]LogConfig: Setting CVar [[r.RefractionQuality:2]]
[2021.04.08-18.47.24:661][  0]LogConfig: Setting CVar [[r.SSR.Quality:3]]
[2021.04.08-18.47.24:661][  0]LogConfig: Setting CVar [[r.SSR.HalfResSceneColor:0]]
[2021.04.08-18.47.24:661][  0]LogConfig: Setting CVar [[r.SceneColorFormat:4]]
[2021.04.08-18.47.24:661][  0]LogConfig: Setting CVar [[r.DetailMode:2]]
[2021.04.08-18.47.24:661][  0]LogConfig: Setting CVar [[r.TranslucencyVolumeBlur:1]]
[2021.04.08-18.47.24:661][  0]LogConfig: Setting CVar [[r.MaterialQualityLevel:1 ; High quality]]
[2021.04.08-18.47.24:661][  0]LogConfig: Setting CVar [[r.SSS.Scale:1]]
[2021.04.08-18.47.24:661][  0]LogConfig: Setting CVar [[r.SSS.SampleSet:2]]
[2021.04.08-18.47.24:661][  0]LogConfig: Setting CVar [[r.SSS.Quality:1]]
[2021.04.08-18.47.24:661][  0]LogConfig: Setting CVar [[r.SSS.HalfRes:0]]
[2021.04.08-18.47.24:661][  0]LogConfig: Setting CVar [[r.SSGI.Quality:3]]
[2021.04.08-18.47.24:661][  0]LogConfig: Setting CVar [[r.EmitterSpawnRateScale:1.0]]
[2021.04.08-18.47.24:661][  0]LogConfig: Setting CVar [[r.ParticleLightQuality:2]]
[2021.04.08-18.47.24:661][  0]LogConfig: Setting CVar [[r.SkyAtmosphere.AerialPerspectiveLUT.FastApplyOnOpaque:1 ; Always have FastSkyLUT 1 in this case to avoid wrong sky]]
[2021.04.08-18.47.24:661][  0]LogConfig: Setting CVar [[r.SkyAtmosphere.AerialPerspectiveLUT.SampleCountPerSlice:1]]
[2021.04.08-18.47.24:661][  0]LogConfig: Setting CVar [[r.SkyAtmosphere.AerialPerspectiveLUT.DepthResolution:16.0]]
[2021.04.08-18.47.24:661][  0]LogConfig: Setting CVar [[r.SkyAtmosphere.FastSkyLUT:1]]
[2021.04.08-18.47.24:661][  0]LogConfig: Setting CVar [[r.SkyAtmosphere.FastSkyLUT.SampleCountMin:4.0]]
[2021.04.08-18.47.24:661][  0]LogConfig: Setting CVar [[r.SkyAtmosphere.FastSkyLUT.SampleCountMax:32.0]]
[2021.04.08-18.47.24:661][  0]LogConfig: Setting CVar [[r.SkyAtmosphere.SampleCountMin:4.0]]
[2021.04.08-18.47.24:661][  0]LogConfig: Setting CVar [[r.SkyAtmosphere.SampleCountMax:32.0]]
[2021.04.08-18.47.24:661][  0]LogConfig: Setting CVar [[r.SkyAtmosphere.TransmittanceLUT.UseSmallFormat:0]]
[2021.04.08-18.47.24:661][  0]LogConfig: Setting CVar [[r.SkyAtmosphere.TransmittanceLUT.SampleCount:10.0]]
[2021.04.08-18.47.24:662][  0]LogConfig: Setting CVar [[r.SkyAtmosphere.MultiScatteringLUT.SampleCount:15.0]]
[2021.04.08-18.47.24:662][  0]LogConfig: Applying CVar settings from Section [FoliageQuality@3] File [C:/Users/20021/Documents/Unreal Projects/GeekBrains/BorisenkoAI26/Saved/Config/Windows/Scalability.ini]
[2021.04.08-18.47.24:662][  0]LogConfig: Setting CVar [[foliage.DensityScale:1.0]]
[2021.04.08-18.47.24:662][  0]LogConfig: Setting CVar [[grass.DensityScale:1.0]]
[2021.04.08-18.47.24:662][  0]LogConfig: Applying CVar settings from Section [ShadingQuality@3] File [C:/Users/20021/Documents/Unreal Projects/GeekBrains/BorisenkoAI26/Saved/Config/Windows/Scalability.ini]
[2021.04.08-18.47.24:662][  0]LogConfig: Setting CVar [[r.HairStrands.SkyLighting.SampleCount:16]]
[2021.04.08-18.47.24:662][  0]LogConfig: Setting CVar [[r.HairStrands.SkyLighting.JitterIntegration:0]]
[2021.04.08-18.47.24:662][  0]LogConfig: Setting CVar [[r.HairStrands.SkyAO.SampleCount:16]]
[2021.04.08-18.47.24:662][  0]LogConfig: Setting CVar [[r.HairStrands.DeepShadow.SuperSampling:0]]
[2021.04.08-18.47.24:662][  0]LogConfig: Setting CVar [[r.HairStrands.VisibilityPPLL:0]]
[2021.04.08-18.47.24:662][  0]LogConfig: Setting CVar [[r.HairStrands.RasterizationScale:0.5]]
[2021.04.08-18.47.24:662][  0]LogConfig: Setting CVar [[r.HairStrands.VelocityRasterizationScale:1]]
[2021.04.08-18.47.24:662][  0]LogInit: Selected Device Profile: [Windows]
[2021.04.08-18.47.24:662][  0]LogInit: Applying CVar settings loaded from the selected device profile: [Windows]
[2021.04.08-18.47.24:662][  0]LogHAL: Display: Platform has ~ 16 GB [16505966592 / 17179869184 / 16], which maps to Larger [LargestMinGB=32, LargerMinGB=12, DefaultMinGB=8, SmallerMinGB=6, SmallestMinGB=0)
[2021.04.08-18.47.24:662][  0]LogInit: Going up to parent DeviceProfile []
[2021.04.08-18.47.24:662][  0]LogConfig: Applying CVar settings from Section [ViewDistanceQuality@3] File [C:/Users/20021/Documents/Unreal Projects/GeekBrains/BorisenkoAI26/Saved/Config/Windows/Scalability.ini]
[2021.04.08-18.47.24:662][  0]LogConfig: Setting CVar [[r.SkeletalMeshLODBias:0]]
[2021.04.08-18.47.24:662][  0]LogConfig: Setting CVar [[r.ViewDistanceScale:1.0]]
[2021.04.08-18.47.24:662][  0]LogConfig: Applying CVar settings from Section [AntiAliasingQuality@3] File [C:/Users/20021/Documents/Unreal Projects/GeekBrains/BorisenkoAI26/Saved/Config/Windows/Scalability.ini]
[2021.04.08-18.47.24:662][  0]LogConfig: Setting CVar [[r.PostProcessAAQuality:4]]
[2021.04.08-18.47.24:662][  0]LogConfig: Applying CVar settings from Section [ShadowQuality@3] File [C:/Users/20021/Documents/Unreal Projects/GeekBrains/BorisenkoAI26/Saved/Config/Windows/Scalability.ini]
[2021.04.08-18.47.24:662][  0]LogConfig: Setting CVar [[r.LightFunctionQuality:1]]
[2021.04.08-18.47.24:662][  0]LogConfig: Setting CVar [[r.ShadowQuality:5]]
[2021.04.08-18.47.24:662][  0]LogConfig: Setting CVar [[r.Shadow.CSM.MaxCascades:10]]
[2021.04.08-18.47.24:662][  0]LogConfig: Setting CVar [[r.Shadow.MaxResolution:2048]]
[2021.04.08-18.47.24:662][  0]LogConfig: Setting CVar [[r.Shadow.MaxCSMResolution:2048]]
[2021.04.08-18.47.24:662][  0]LogConfig: Setting CVar [[r.Shadow.RadiusThreshold:0.01]]
[2021.04.08-18.47.24:662][  0]LogConfig: Setting CVar [[r.Shadow.DistanceScale:1.0]]
[2021.04.08-18.47.24:662][  0]LogConfig: Setting CVar [[r.Shadow.CSM.TransitionScale:1.0]]
[2021.04.08-18.47.24:662][  0]LogConfig: Setting CVar [[r.Shadow.PreShadowResolutionFactor:1.0]]
[2021.04.08-18.47.24:662][  0]LogConfig: Setting CVar [[r.DistanceFieldShadowing:1]]
[2021.04.08-18.47.24:662][  0]LogConfig: Setting CVar [[r.DistanceFieldAO:1]]
[2021.04.08-18.47.24:662][  0]LogConfig: Setting CVar [[r.AOQuality:2]]
[2021.04.08-18.47.24:662][  0]LogConfig: Setting CVar [[r.VolumetricFog:1]]
[2021.04.08-18.47.24:662][  0]LogConfig: Setting CVar [[r.VolumetricFog.GridPixelSize:8]]
[2021.04.08-18.47.24:662][  0]LogConfig: Setting CVar [[r.VolumetricFog.GridSizeZ:128]]
[2021.04.08-18.47.24:662][  0]LogConfig: Setting CVar [[r.VolumetricFog.HistoryMissSupersampleCount:4]]
[2021.04.08-18.47.24:662][  0]LogConfig: Setting CVar [[r.LightMaxDrawDistanceScale:1]]
[2021.04.08-18.47.24:662][  0]LogConfig: Setting CVar [[r.CapsuleShadows:1]]
[2021.04.08-18.47.24:662][  0]LogConfig: Applying CVar settings from Section [PostProcessQuality@3] File [C:/Users/20021/Documents/Unreal Projects/GeekBrains/BorisenkoAI26/Saved/Config/Windows/Scalability.ini]
[2021.04.08-18.47.24:662][  0]LogConfig: Setting CVar [[r.MotionBlurQuality:4]]
[2021.04.08-18.47.24:662][  0]LogConfig: Setting CVar [[r.AmbientOcclusionMipLevelFactor:0.4]]
[2021.04.08-18.47.24:662][  0]LogConfig: Setting CVar [[r.AmbientOcclusionMaxQuality:100]]
[2021.04.08-18.47.24:662][  0]LogConfig: Setting CVar [[r.AmbientOcclusionLevels:-1]]
[2021.04.08-18.47.24:662][  0]LogConfig: Setting CVar [[r.AmbientOcclusionRadiusScale:1.0]]
[2021.04.08-18.47.24:662][  0]LogConfig: Setting CVar [[r.DepthOfFieldQuality:2]]
[2021.04.08-18.47.24:662][  0]LogConfig: Setting CVar [[r.RenderTargetPoolMin:400]]
[2021.04.08-18.47.24:662][  0]LogConfig: Setting CVar [[r.LensFlareQuality:2]]
[2021.04.08-18.47.24:662][  0]LogConfig: Setting CVar [[r.SceneColorFringeQuality:1]]
[2021.04.08-18.47.24:662][  0]LogConfig: Setting CVar [[r.EyeAdaptationQuality:2]]
[2021.04.08-18.47.24:662][  0]LogConfig: Setting CVar [[r.BloomQuality:5]]
[2021.04.08-18.47.24:662][  0]LogConfig: Setting CVar [[r.FastBlurThreshold:100]]
[2021.04.08-18.47.24:662][  0]LogConfig: Setting CVar [[r.Upscale.Quality:3]]
[2021.04.08-18.47.24:662][  0]LogConfig: Setting CVar [[r.Tonemapper.GrainQuantization:1]]
[2021.04.08-18.47.24:662][  0]LogConfig: Setting CVar [[r.LightShaftQuality:1]]
[2021.04.08-18.47.24:662][  0]LogConfig: Setting CVar [[r.Filter.SizeScale:1]]
[2021.04.08-18.47.24:662][  0]LogConfig: Setting CVar [[r.Tonemapper.Quality:5]]
[2021.04.08-18.47.24:662][  0]LogConfig: Setting CVar [[r.DOF.Gather.AccumulatorQuality:1        ; higher gathering accumulator quality]]
[2021.04.08-18.47.24:662][  0]LogConfig: Setting CVar [[r.DOF.Gather.PostfilterMethod:1          ; Median3x3 postfilering method]]
[2021.04.08-18.47.24:662][  0]LogConfig: Setting CVar [[r.DOF.Gather.EnableBokehSettings:0       ; no bokeh simulation when gathering]]
[2021.04.08-18.47.24:662][  0]LogConfig: Setting CVar [[r.DOF.Gather.RingCount:4                 ; medium number of samples when gathering]]
[2021.04.08-18.47.24:662][  0]LogConfig: Setting CVar [[r.DOF.Scatter.ForegroundCompositing:1    ; additive foreground scattering]]
[2021.04.08-18.47.24:662][  0]LogConfig: Setting CVar [[r.DOF.Scatter.BackgroundCompositing:2    ; additive background scattering]]
[2021.04.08-18.47.24:662][  0]LogConfig: Setting CVar [[r.DOF.Scatter.EnableBokehSettings:1      ; bokeh simulation when scattering]]
[2021.04.08-18.47.24:662][  0]LogConfig: Setting CVar [[r.DOF.Scatter.MaxSpriteRatio:0.1         ; only a maximum of 10% of scattered bokeh]]
[2021.04.08-18.47.24:662][  0]LogConfig: Setting CVar [[r.DOF.Recombine.Quality:1                ; cheap slight out of focus]]
[2021.04.08-18.47.24:662][  0]LogConfig: Setting CVar [[r.DOF.Recombine.EnableBokehSettings:0    ; no bokeh simulation on slight out of focus]]
[2021.04.08-18.47.24:662][  0]LogConfig: Setting CVar [[r.DOF.TemporalAAQuality:1                ; more stable temporal accumulation]]
[2021.04.08-18.47.24:662][  0]LogConfig: Setting CVar [[r.DOF.Kernel.MaxForegroundRadius:0.025]]
[2021.04.08-18.47.24:662][  0]LogConfig: Setting CVar [[r.DOF.Kernel.MaxBackgroundRadius:0.025]]
[2021.04.08-18.47.24:662][  0]LogConfig: Applying CVar settings from Section [TextureQuality@3] File [C:/Users/20021/Documents/Unreal Projects/GeekBrains/BorisenkoAI26/Saved/Config/Windows/Scalability.ini]
[2021.04.08-18.47.24:662][  0]LogConfig: Setting CVar [[r.Streaming.MipBias:0]]
[2021.04.08-18.47.24:662][  0]LogConfig: Setting CVar [[r.Streaming.AmortizeCPUToGPUCopy:0]]
[2021.04.08-18.47.24:662][  0]LogConfig: Setting CVar [[r.Streaming.MaxNumTexturesToStreamPerFrame:0]]
[2021.04.08-18.47.24:662][  0]LogConfig: Setting CVar [[r.Streaming.Boost:1]]
[2021.04.08-18.47.24:662][  0]LogConfig: Setting CVar [[r.MaxAnisotropy:8]]
[2021.04.08-18.47.24:662][  0]LogConfig: Setting CVar [[r.VT.MaxAnisotropy:8]]
[2021.04.08-18.47.24:662][  0]LogConfig: Setting CVar [[r.Streaming.LimitPoolSizeToVRAM:0]]
[2021.04.08-18.47.24:662][  0]LogConfig: Setting CVar [[r.Streaming.PoolSize:1000]]
[2021.04.08-18.47.24:662][  0]LogConfig: Setting CVar [[r.Streaming.MaxEffectiveScreenSize:0]]
[2021.04.08-18.47.24:662][  0]LogConfig: Applying CVar settings from Section [EffectsQuality@3] File [C:/Users/20021/Documents/Unreal Projects/GeekBrains/BorisenkoAI26/Saved/Config/Windows/Scalability.ini]
[2021.04.08-18.47.24:662][  0]LogConfig: Setting CVar [[r.TranslucencyLightingVolumeDim:64]]
[2021.04.08-18.47.24:662][  0]LogConfig: Setting CVar [[r.RefractionQuality:2]]
[2021.04.08-18.47.24:662][  0]LogConfig: Setting CVar [[r.SSR.Quality:3]]
[2021.04.08-18.47.24:662][  0]LogConfig: Setting CVar [[r.SSR.HalfResSceneColor:0]]
[2021.04.08-18.47.24:662][  0]LogConfig: Setting CVar [[r.SceneColorFormat:4]]
[2021.04.08-18.47.24:662][  0]LogConfig: Setting CVar [[r.DetailMode:2]]
[2021.04.08-18.47.24:662][  0]LogConfig: Setting CVar [[r.TranslucencyVolumeBlur:1]]
[2021.04.08-18.47.24:663][  0]LogConfig: Setting CVar [[r.MaterialQualityLevel:1 ; High quality]]
[2021.04.08-18.47.24:663][  0]LogConfig: Setting CVar [[r.SSS.Scale:1]]
[2021.04.08-18.47.24:663][  0]LogConfig: Setting CVar [[r.SSS.SampleSet:2]]
[2021.04.08-18.47.24:663][  0]LogConfig: Setting CVar [[r.SSS.Quality:1]]
[2021.04.08-18.47.24:663][  0]LogConfig: Setting CVar [[r.SSS.HalfRes:0]]
[2021.04.08-18.47.24:663][  0]LogConfig: Setting CVar [[r.SSGI.Quality:3]]
[2021.04.08-18.47.24:663][  0]LogConfig: Setting CVar [[r.EmitterSpawnRateScale:1.0]]
[2021.04.08-18.47.24:663][  0]LogConfig: Setting CVar [[r.ParticleLightQuality:2]]
[2021.04.08-18.47.24:663][  0]LogConfig: Setting CVar [[r.SkyAtmosphere.AerialPerspectiveLUT.FastApplyOnOpaque:1 ; Always have FastSkyLUT 1 in this case to avoid wrong sky]]
[2021.04.08-18.47.24:663][  0]LogConfig: Setting CVar [[r.SkyAtmosphere.AerialPerspectiveLUT.SampleCountPerSlice:1]]
[2021.04.08-18.47.24:663][  0]LogConfig: Setting CVar [[r.SkyAtmosphere.AerialPerspectiveLUT.DepthResolution:16.0]]
[2021.04.08-18.47.24:663][  0]LogConfig: Setting CVar [[r.SkyAtmosphere.FastSkyLUT:1]]
[2021.04.08-18.47.24:663][  0]LogConfig: Setting CVar [[r.SkyAtmosphere.FastSkyLUT.SampleCountMin:4.0]]
[2021.04.08-18.47.24:663][  0]LogConfig: Setting CVar [[r.SkyAtmosphere.FastSkyLUT.SampleCountMax:32.0]]
[2021.04.08-18.47.24:663][  0]LogConfig: Setting CVar [[r.SkyAtmosphere.SampleCountMin:4.0]]
[2021.04.08-18.47.24:663][  0]LogConfig: Setting CVar [[r.SkyAtmosphere.SampleCountMax:32.0]]
[2021.04.08-18.47.24:663][  0]LogConfig: Setting CVar [[r.SkyAtmosphere.TransmittanceLUT.UseSmallFormat:0]]
[2021.04.08-18.47.24:663][  0]LogConfig: Setting CVar [[r.SkyAtmosphere.TransmittanceLUT.SampleCount:10.0]]
[2021.04.08-18.47.24:663][  0]LogConfig: Setting CVar [[r.SkyAtmosphere.MultiScatteringLUT.SampleCount:15.0]]
[2021.04.08-18.47.24:663][  0]LogConfig: Applying CVar settings from Section [FoliageQuality@3] File [C:/Users/20021/Documents/Unreal Projects/GeekBrains/BorisenkoAI26/Saved/Config/Windows/Scalability.ini]
[2021.04.08-18.47.24:663][  0]LogConfig: Setting CVar [[foliage.DensityScale:1.0]]
[2021.04.08-18.47.24:663][  0]LogConfig: Setting CVar [[grass.DensityScale:1.0]]
[2021.04.08-18.47.24:663][  0]LogConfig: Applying CVar settings from Section [ShadingQuality@3] File [C:/Users/20021/Documents/Unreal Projects/GeekBrains/BorisenkoAI26/Saved/Config/Windows/Scalability.ini]
[2021.04.08-18.47.24:663][  0]LogConfig: Setting CVar [[r.HairStrands.SkyLighting.SampleCount:16]]
[2021.04.08-18.47.24:663][  0]LogConfig: Setting CVar [[r.HairStrands.SkyLighting.JitterIntegration:0]]
[2021.04.08-18.47.24:663][  0]LogConfig: Setting CVar [[r.HairStrands.SkyAO.SampleCount:16]]
[2021.04.08-18.47.24:663][  0]LogConfig: Setting CVar [[r.HairStrands.DeepShadow.SuperSampling:0]]
[2021.04.08-18.47.24:663][  0]LogConfig: Setting CVar [[r.HairStrands.VisibilityPPLL:0]]
[2021.04.08-18.47.24:663][  0]LogConfig: Setting CVar [[r.HairStrands.RasterizationScale:0.5]]
[2021.04.08-18.47.24:663][  0]LogConfig: Setting CVar [[r.HairStrands.VelocityRasterizationScale:1]]
[2021.04.08-18.47.24:663][  0]LogConfig: Applying CVar settings from Section [Startup] File [../../../Engine/Config/ConsoleVariables.ini]
[2021.04.08-18.47.24:664][  0]LogConfig: Setting CVar [[net.UseAdaptiveNetUpdateFrequency:0]]
[2021.04.08-18.47.24:664][  0]LogConfig: Setting CVar [[p.chaos.AllowCreatePhysxBodies:1]]
[2021.04.08-18.47.24:664][  0]LogConfig: Setting CVar [[fx.SkipVectorVMBackendOptimizations:1]]
[2021.04.08-18.47.24:664][  0]LogConfig: Applying CVar settings from Section [ConsoleVariables] File [C:/Users/20021/Documents/Unreal Projects/GeekBrains/BorisenkoAI26/Saved/Config/Windows/Engine.ini]
[2021.04.08-18.47.24:664][  0]LogInit: Computer: PANCER
[2021.04.08-18.47.24:664][  0]LogInit: User: 20021
[2021.04.08-18.47.24:664][  0]LogInit: CPU Page size=4096, Cores=8
[2021.04.08-18.47.24:664][  0]LogInit: High frequency timer resolution =10.000000 MHz
[2021.04.08-18.47.24:664][  0]LogMemory: Memory total: Physical=15.4GB (16GB approx)
[2021.04.08-18.47.24:664][  0]LogMemory: Platform Memory Stats for Windows
[2021.04.08-18.47.24:664][  0]LogMemory: Process Physical Memory: 115.51 MB used, 115.51 MB peak
[2021.04.08-18.47.24:664][  0]LogMemory: Process Virtual Memory: 98.18 MB used, 98.18 MB peak
[2021.04.08-18.47.24:664][  0]LogMemory: Physical Memory: 11067.68 MB used,  4673.63 MB free, 15741.32 MB total
[2021.04.08-18.47.24:664][  0]LogMemory: Virtual Memory: 5184.98 MB used,  134212544.00 MB free, 134217728.00 MB total
[2021.04.08-18.47.24:668][  0]LogWindows: WindowsPlatformFeatures enabled
[2021.04.08-18.47.24:713][  0]LogInit: Physics initialised using underlying interface: PhysX
[2021.04.08-18.47.24:713][  0]LogInit: Using OS detected language (ru-RU).
[2021.04.08-18.47.24:713][  0]LogInit: Using OS detected locale (ru-RU).
[2021.04.08-18.47.24:719][  0]LogTextLocalizationManager: No specific localization for 'ru-RU' exists, so the 'ru' localization will be used.
[2021.04.08-18.47.24:719][  0]LogTextLocalizationResource: LocRes '../../../Engine/Content/Localization/Editor/ru/Editor.locres' could not be opened for reading!
[2021.04.08-18.47.24:719][  0]LogTextLocalizationResource: LocRes '../../../Engine/Content/Localization/EditorTutorials/ru/EditorTutorials.locres' could not be opened for reading!
[2021.04.08-18.47.24:719][  0]LogTextLocalizationResource: LocRes '../../../Engine/Content/Localization/Keywords/ru/Keywords.locres' could not be opened for reading!
[2021.04.08-18.47.24:719][  0]LogTextLocalizationResource: LocRes '../../../Engine/Content/Localization/Category/ru/Category.locres' could not be opened for reading!
[2021.04.08-18.47.24:720][  0]LogTextLocalizationResource: LocRes '../../../Engine/Content/Localization/ToolTips/ru/ToolTips.locres' could not be opened for reading!
[2021.04.08-18.47.24:720][  0]LogTextLocalizationResource: LocRes '../../../Engine/Content/Localization/PropertyNames/ru/PropertyNames.locres' could not be opened for reading!
[2021.04.08-18.47.24:720][  0]LogTextLocalizationResource: LocRes '../../../Engine/Content/Localization/Engine/ru/Engine.locres' could not be opened for reading!
[2021.04.08-18.47.24:720][  0]LogInit: Setting process to per monitor DPI aware
[2021.04.08-18.47.24:741][  0]LogSlate: New Slate User Created.  User Index 0, Is Virtual User: 0
[2021.04.08-18.47.24:741][  0]LogSlate: Slate User Registered.  User Index 0, Is Virtual User: 0
[2021.04.08-18.47.24:879][  0]LogHMD: Failed to initialize OpenVR with code 110
[2021.04.08-18.47.24:879][  0]LogD3D11RHI: D3D11 min allowed feature level: 11_0
[2021.04.08-18.47.24:879][  0]LogD3D11RHI: D3D11 max allowed feature level: 11_0
[2021.04.08-18.47.24:879][  0]LogD3D11RHI: D3D11 adapters:
[2021.04.08-18.47.24:974][  0]LogD3D11RHI:    0. 'NVIDIA GeForce RTX 2060' (Feature Level 11_0)
[2021.04.08-18.47.24:974][  0]LogD3D11RHI:       5980/0/7870 MB DedicatedVideo/DedicatedSystem/SharedSystem, Outputs:1, VendorId:0x10de
[2021.04.08-18.47.24:997][  0]LogD3D11RHI:    1. 'AMD Radeon(TM) Graphics' (Feature Level 11_0)
[2021.04.08-18.47.24:997][  0]LogD3D11RHI:       496/0/7870 MB DedicatedVideo/DedicatedSystem/SharedSystem, Outputs:0, VendorId:0x1002
[2021.04.08-18.47.24:999][  0]LogD3D11RHI:    2. 'Microsoft Basic Render Driver' (Feature Level 11_0)
[2021.04.08-18.47.24:999][  0]LogD3D11RHI:       0/0/7870 MB DedicatedVideo/DedicatedSystem/SharedSystem, Outputs:0, VendorId:0x1414
[2021.04.08-18.47.24:999][  0]LogD3D11RHI: Chosen D3D11 Adapter: 0
[2021.04.08-18.47.25:006][  0]LogD3D11RHI: Creating new Direct3DDevice
[2021.04.08-18.47.25:007][  0]LogD3D11RHI:     GPU DeviceId: 0x1f15 (for the marketing name, search the web for "GPU Device Id")
[2021.04.08-18.47.25:007][  0]LogWindows: EnumDisplayDevices:
[2021.04.08-18.47.25:007][  0]LogWindows:    0. 'AMD Radeon(TM) Graphics' (P:1 D:1)
[2021.04.08-18.47.25:007][  0]LogWindows:    1. 'AMD Radeon(TM) Graphics' (P:0 D:0)
[2021.04.08-18.47.25:008][  0]LogWindows:    2. 'AMD Radeon(TM) Graphics' (P:0 D:0)
[2021.04.08-18.47.25:008][  0]LogWindows:    3. 'NVIDIA GeForce RTX 2060' (P:0 D:0)
[2021.04.08-18.47.25:008][  0]LogWindows:    4. 'NVIDIA GeForce RTX 2060' (P:0 D:0)
[2021.04.08-18.47.25:008][  0]LogWindows:    5. 'NVIDIA GeForce RTX 2060' (P:0 D:0)
[2021.04.08-18.47.25:009][  0]LogWindows:    6. 'NVIDIA GeForce RTX 2060' (P:0 D:0)
[2021.04.08-18.47.25:009][  0]LogWindows: DebugString: PrimaryIsNotTheChoosenAdapter PrimaryIsNotTheChoosenAdapter PrimaryIsNotTheChoosenAdapter FoundDriverCount:4 
[2021.04.08-18.47.25:009][  0]LogD3D11RHI:     Adapter Name: NVIDIA GeForce RTX 2060
[2021.04.08-18.47.25:009][  0]LogD3D11RHI:   Driver Version: 460.89 (internal:27.21.14.6089, unified:460.89)
[2021.04.08-18.47.25:009][  0]LogD3D11RHI:      Driver Date: 12-11-2020
[2021.04.08-18.47.25:009][  0]LogRHI: Texture pool is 4186 MB (70% of 5980 MB)
[2021.04.08-18.47.25:065][  0]LogD3D11RHI: RHI has support for 64 bit atomics
[2021.04.08-18.47.25:065][  0]LogD3D11RHI: Async texture creation enabled
[2021.04.08-18.47.25:065][  0]LogD3D11RHI: Array index from any shader is supported
[2021.04.08-18.47.25:082][  0]LogD3D11RHI: GPU Timing Frequency: 1000.000000 (Debug: 2 1)
[2021.04.08-18.47.25:324][  0]LogTargetPlatformManager: Display: Loaded TargetPlatform 'AllDesktop'
[2021.04.08-18.47.25:347][  0]LogTargetPlatformManager: Display: Loaded TargetPlatform 'Android'
[2021.04.08-18.47.25:347][  0]LogTargetPlatformManager: Display: Loaded TargetPlatform 'Android_ASTC'
[2021.04.08-18.47.25:347][  0]LogTargetPlatformManager: Display: Loaded TargetPlatform 'Android_DXT'
[2021.04.08-18.47.25:347][  0]LogTargetPlatformManager: Display: Loaded TargetPlatform 'Android_ETC2'
[2021.04.08-18.47.25:347][  0]LogTargetPlatformManager: Display: Loaded TargetPlatform 'AndroidClient'
[2021.04.08-18.47.25:347][  0]LogTargetPlatformManager: Display: Loaded TargetPlatform 'Android_ASTCClient'
[2021.04.08-18.47.25:347][  0]LogTargetPlatformManager: Display: Loaded TargetPlatform 'Android_DXTClient'
[2021.04.08-18.47.25:347][  0]LogTargetPlatformManager: Display: Loaded TargetPlatform 'Android_ETC2Client'
[2021.04.08-18.47.25:347][  0]LogTargetPlatformManager: Display: Loaded TargetPlatform 'Android_Multi'
[2021.04.08-18.47.25:347][  0]LogTargetPlatformManager: Display: Loaded TargetPlatform 'Android_MultiClient'
[2021.04.08-18.47.25:374][  0]LogTargetPlatformManager: Display: Loaded TargetPlatform 'IOSClient'
[2021.04.08-18.47.25:374][  0]LogTargetPlatformManager: Display: Loaded TargetPlatform 'IOS'
[2021.04.08-18.47.25:387][  0]LogTargetPlatformManager: Display: Loaded TargetPlatform 'Linux'
[2021.04.08-18.47.25:398][  0]LogTargetPlatformManager: Display: Loaded TargetPlatform 'LinuxNoEditor'
[2021.04.08-18.47.25:408][  0]LogTargetPlatformManager: Display: Loaded TargetPlatform 'LinuxClient'
[2021.04.08-18.47.25:418][  0]LogTargetPlatformManager: Display: Loaded TargetPlatform 'LinuxServer'
[2021.04.08-18.47.25:429][  0]LogTargetPlatformManager: Display: Loaded TargetPlatform 'LinuxAArch64NoEditor'
[2021.04.08-18.47.25:441][  0]LogTargetPlatformManager: Display: Loaded TargetPlatform 'LinuxAArch64Client'
[2021.04.08-18.47.25:451][  0]LogTargetPlatformManager: Display: Loaded TargetPlatform 'LinuxAArch64Server'
[2021.04.08-18.47.25:486][  0]LogTargetPlatformManager: Display: Loaded TargetPlatform 'Lumin'
[2021.04.08-18.47.25:486][  0]LogTargetPlatformManager: Display: Loaded TargetPlatform 'LuminClient'
[2021.04.08-18.47.25:505][  0]LogTargetPlatformManager: Display: Loaded TargetPlatform 'TVOSClient'
[2021.04.08-18.47.25:505][  0]LogTargetPlatformManager: Display: Loaded TargetPlatform 'TVOS'
[2021.04.08-18.47.25:515][  0]LogTargetPlatformManager: Display: Loaded TargetPlatform 'WindowsNoEditor'
[2021.04.08-18.47.25:528][  0]LogTargetPlatformManager: Display: Loaded TargetPlatform 'Windows'
[2021.04.08-18.47.25:538][  0]LogTargetPlatformManager: Display: Loaded TargetPlatform 'WindowsClient'
[2021.04.08-18.47.25:548][  0]LogTargetPlatformManager: Display: Loaded TargetPlatform 'WindowsServer'
[2021.04.08-18.47.25:548][  0]LogTargetPlatformManager: Display: Building Assets For Windows
[2021.04.08-18.47.25:554][  0]LogAudioDebug: Display: Lib vorbis DLL was dynamically loaded.
[2021.04.08-18.47.25:608][  0]LogShaderCompilers: Guid format shader working directory is -35 characters bigger than the processId version (../../../../../../Users/20021/Documents/Unreal Projects/GeekBrains/BorisenkoAI26/Intermediate/Shaders/WorkingDirectory/10576/).
[2021.04.08-18.47.25:608][  0]LogShaderCompilers: Cleaned the shader compiler working directory 'C:/Users/20021/AppData/Local/Temp/UnrealShaderWorkingDir/2010F73B40937A45119EB999CFF35D88/'.
[2021.04.08-18.47.25:609][  0]LogXGEController: Cannot use XGE Controller as Incredibuild is not installed on this machine.
[2021.04.08-18.47.25:609][  0]LogShaderCompilers: Cannot use XGE Shader Compiler as Incredibuild is not installed on this machine.
[2021.04.08-18.47.25:609][  0]LogShaderCompilers: Display: Using Local Shader Compiler.
[2021.04.08-18.47.26:308][  0]LogDerivedDataCache: Display: Max Cache Size: 512 MB
[2021.04.08-18.47.26:369][  0]LogDerivedDataCache: Loaded boot cache 0.06s 75MB C:/Users/20021/AppData/Local/UnrealEngine/4.25/DerivedDataCache/Boot.ddc.
[2021.04.08-18.47.26:369][  0]LogDerivedDataCache: Display: Loaded Boot cache: C:/Users/20021/AppData/Local/UnrealEngine/4.25/DerivedDataCache/Boot.ddc
[2021.04.08-18.47.26:370][  0]LogDerivedDataCache: FDerivedDataBackendGraph:  Pak pak cache file ../../../../../../Users/20021/Documents/Unreal Projects/GeekBrains/BorisenkoAI26/DerivedDataCache/DDC.ddp not found, will not use a pak cache.
[2021.04.08-18.47.26:370][  0]LogDerivedDataCache: Unable to find inner node Pak for hierarchical cache Hierarchy.
[2021.04.08-18.47.26:370][  0]LogDerivedDataCache: FDerivedDataBackendGraph:  CompressedPak pak cache file ../../../../../../Users/20021/Documents/Unreal Projects/GeekBrains/BorisenkoAI26/DerivedDataCache/Compressed.ddp not found, will not use a pak cache.
[2021.04.08-18.47.26:370][  0]LogDerivedDataCache: Unable to find inner node CompressedPak for hierarchical cache Hierarchy.
[2021.04.08-18.47.26:379][  0]LogDerivedDataCache: Display: Pak cache opened for reading ../../../Engine/DerivedDataCache/Compressed.ddp.
[2021.04.08-18.47.26:379][  0]LogDerivedDataCache: FDerivedDataBackendGraph:  EnterprisePak pak cache file ../../../Enterprise/DerivedDataCache/Compressed.ddp not found, will not use a pak cache.
[2021.04.08-18.47.26:379][  0]LogDerivedDataCache: Unable to find inner node EnterprisePak for hierarchical cache Hierarchy.
[2021.04.08-18.47.26:381][  0]LogDerivedDataCache: Using Local data cache path C:/Users/20021/AppData/Local/UnrealEngine/Common/DerivedDataCache: Writable
[2021.04.08-18.47.26:381][  0]LogDerivedDataCache: Shared data cache path not found in *engine.ini, will not use an Shared cache.
[2021.04.08-18.47.26:381][  0]LogDerivedDataCache: Unable to find inner node Shared for hierarchical cache Hierarchy.
[2021.04.08-18.47.26:424][  0]LogSlate: Using FreeType 2.10.0
[2021.04.08-18.47.26:424][  0]LogSlate: SlateFontServices - WITH_FREETYPE: 1, WITH_HARFBUZZ: 1
[2021.04.08-18.47.26:458][  0]LogAssetRegistry: FAssetRegistry took 0.0063 seconds to start up
[2021.04.08-18.47.26:738][  0]LogInit: Selected Device Profile: [Windows]
[2021.04.08-18.47.26:850][  0]LogMeshReduction: Using QuadricMeshReduction for automatic static mesh reduction
[2021.04.08-18.47.26:850][  0]LogMeshReduction: Using SimplygonMeshReduction for automatic skeletal mesh reduction
[2021.04.08-18.47.26:851][  0]LogMeshReduction: Using ProxyLODMeshReduction for automatic mesh merging
[2021.04.08-18.47.26:851][  0]LogMeshReduction: No distributed automatic mesh merging module available
[2021.04.08-18.47.26:851][  0]LogMeshMerging: No distributed automatic mesh merging module available
[2021.04.08-18.47.26:866][  0]LogNetVersion: BorisenkoAI26 1.0.0, NetCL: 13144385, EngineNetVer: 14, GameNetVer: 0 (Checksum: 4226301090)
[2021.04.08-18.47.27:242][  0]LogAISub: UAISubsystem::UAISubsystem AISubsystem (0000017D1BE9D980), frame # 0
[2021.04.08-18.47.27:242][  0]LogAISub: UAISubsystem::UAISubsystem AIPerceptionSystem (0000017D1BDD3D80), frame # 0
[2021.04.08-18.47.27:244][  0]LogAISub: UAISubsystem::UAISubsystem EnvQueryManager (0000017D1BE1DE00), frame # 0
[2021.04.08-18.47.27:304][  0]LogPackageLocalizationCache: Processed 19 localized package path(s) for 1 prioritized culture(s) in 0.052612 seconds
[2021.04.08-18.47.27:309][  0]LogUObjectArray: 15917 objects as part of root set at end of initial load.
[2021.04.08-18.47.27:309][  0]LogUObjectAllocator: 3965568 out of 0 bytes used by permanent object pool.
[2021.04.08-18.47.27:309][  0]LogUObjectArray: CloseDisregardForGC: 0/0 objects in disregard for GC pool
[2021.04.08-18.47.27:637][  0]LogTcpMessaging: Initializing TcpMessaging bridge
[2021.04.08-18.47.27:641][  0]LogUdpMessaging: Initializing bridge on interface 0.0.0.0:0 to multicast group 230.0.0.1:6666.
[2021.04.08-18.47.27:716][  0]SourceControl: Source control is disabled
[2021.04.08-18.47.28:401][  0]LogAndroidPermission: UAndroidPermissionCallbackProxy::GetInstance
[2021.04.08-18.47.28:421][  0]LogAudioCaptureCore: Display: No Audio Capture implementations found. Audio input will be silent.
[2021.04.08-18.47.28:421][  0]LogAudioCaptureCore: Display: No Audio Capture implementations found. Audio input will be silent.
[2021.04.08-18.47.28:477][  0]LogOcInput: OculusInput pre-init called
[2021.04.08-18.47.28:488][  0]LogWindows: Failed to load 'OVRPlugin.dll' (GetLastError=126)
[2021.04.08-18.47.28:488][  0]LogWindows: File 'OVRPlugin.dll' does not exist
[2021.04.08-18.47.28:558][  0]LogEngine: Initializing Engine...
[2021.04.08-18.47.28:560][  0]LogHMD: Failed to initialize OpenVR with code 110
[2021.04.08-18.47.28:560][  0]LogMagicLeap: Warning: VR disabled because ZI is not enabled.  To enable, in the editor, Edit -> Project Settings -> Plugins -> Magic Leap Plugin -> Enable Zero Iteration
[2021.04.08-18.47.28:561][  0]LogStats: UGameplayTagsManager::InitializeManager -  0.000 s
[2021.04.08-18.47.28:681][  0]LogInit: Initializing FReadOnlyCVARCache
[2021.04.08-18.47.28:688][  0]LogAIModule: Creating AISystem for world Untitled
[2021.04.08-18.47.28:688][  0]LogAISub: UAISubsystem::UAISubsystem EnvQueryManager (0000017D2338C600), frame # 0
[2021.04.08-18.47.28:688][  0]LogAISub: UAISubsystem::UAISubsystem AIPerceptionSystem (0000017D2338A480), frame # 0
[2021.04.08-18.47.28:700][  0]LogAudioMixer: Display: Audio Mixer Platform Settings:
[2021.04.08-18.47.28:700][  0]LogAudioMixer: Display: 	Sample Rate:						  48000
[2021.04.08-18.47.28:700][  0]LogAudioMixer: Display: 	Callback Buffer Frame Size Requested: 1024
[2021.04.08-18.47.28:700][  0]LogAudioMixer: Display: 	Callback Buffer Frame Size To Use:	  1024
[2021.04.08-18.47.28:700][  0]LogAudioMixer: Display: 	Number of buffers to queue:			  2
[2021.04.08-18.47.28:700][  0]LogAudioMixer: Display: 	Max Channels (voices):				  32
[2021.04.08-18.47.28:700][  0]LogAudioMixer: Display: 	Number of Async Source Workers:		  0
[2021.04.08-18.47.28:700][  0]LogAudio: Display: AudioDevice MaxSources: 32
[2021.04.08-18.47.28:700][  0]LogAudio: Display: Using built-in audio occlusion.
[2021.04.08-18.47.28:700][  0]LogAudioMixer: Display: Initializing audio mixer.
[2021.04.08-18.47.28:711][  0]LogAudioMixer: Display: 0: FrontLeft
[2021.04.08-18.47.28:711][  0]LogAudioMixer: Display: 1: FrontRight
[2021.04.08-18.47.28:814][  0]LogAudioMixer: Display: Using Audio Device Динамики (Realtek(R) Audio)
[2021.04.08-18.47.28:818][  0]LogAudioMixer: Display: Initializing Sound Submixes...
[2021.04.08-18.47.28:820][  0]LogAudioMixer: Display: Creating Master Submix 'MasterSubmixDefault'
[2021.04.08-18.47.28:820][  0]LogAudioMixer: Display: Creating Master Submix 'MasterReverbSubmixDefault'
[2021.04.08-18.47.28:827][  0]LogAudioMixer: Display: Creating Master Submix 'MasterEQSubmixDefault'
[2021.04.08-18.47.28:828][  0]LogInit: FAudioDevice initialized.
[2021.04.08-18.47.28:828][  0]LogNetVersion: Set ProjectVersion to 1.0.0.0. Version Checksum will be recalculated on next use.
[2021.04.08-18.47.28:880][  0]LogDerivedDataCache: Saved boot cache 0.05s 75MB C:/Users/20021/AppData/Local/UnrealEngine/4.25/DerivedDataCache/Boot.ddc.
[2021.04.08-18.47.28:880][  0]LogInit: Texture streaming: Enabled
[2021.04.08-18.47.28:896][  0]LogEngineSessionManager: EngineSessionManager initialized
[2021.04.08-18.47.28:896][  0]LogEditorSessionSummary: Verbose: Initializing EditorSessionSummaryWriter for editor session tracking
[2021.04.08-18.47.28:897][  0]LogEditorSessionSummary: EditorSessionSummaryWriter initialized
[2021.04.08-18.47.28:946][  0]LogInit: Transaction tracking system initialized
[2021.04.08-18.47.28:970][  0]BlueprintLog: New page: Editor Load
[2021.04.08-18.47.29:055][  0]LocalizationService: Localization service is disabled
[2021.04.08-18.47.29:236][  0]LogCook: Display: Max memory allowance for cook 16384mb min free memory 0mb
[2021.04.08-18.47.29:236][  0]LogCook: Display: Mobile HDR setting 1
[2021.04.08-18.47.29:373][  0]LogFileCache: Scanning file cache for directory 'C:/Users/20021/Documents/Unreal Projects/GeekBrains/BorisenkoAI26/Content/' took 0.01s
[2021.04.08-18.47.29:544][  0]LogUnrealEdMisc: Loading editor; pre map load, took 6.264
[2021.04.08-18.47.29:544][  0]Cmd: MAP LOAD FILE="../../../../../../Users/20021/Documents/Unreal Projects/GeekBrains/BorisenkoAI26/Content/StarterContent/Maps/Minimal_Default.umap" TEMPLATE=0 SHOWPROGRESS=1 FEATURELEVEL=3
[2021.04.08-18.47.29:544][  0]LightingResults: New page: Lighting Build
[2021.04.08-18.47.29:545][  0]LogWorld: UWorld::CleanupWorld for Untitled, bSessionEnded=true, bCleanupResources=true
[2021.04.08-18.47.29:545][  0]LogSlate: InvalidateAllWidgets triggered.  All widgets were invalidated
[2021.04.08-18.47.29:545][  0]MapCheck: New page: Map Check
[2021.04.08-18.47.29:545][  0]LightingResults: New page: Lighting Build
[2021.04.08-18.47.29:554][  0]LogAISub: UAISubsystem::~UAISubsystem EnvQueryManager (0000017D2338C600), frame # 0
[2021.04.08-18.47.29:554][  0]LogAISub: UAISubsystem::~UAISubsystem AIPerceptionSystem (0000017D2338A480), frame # 0
[2021.04.08-18.47.29:555][  0]LogUObjectHash: Compacting FUObjectHashTables data took   0.66ms
[2021.04.08-18.47.31:468][  0]LogAIModule: Creating AISystem for world Minimal_Default
[2021.04.08-18.47.31:468][  0]LogAISub: UAISubsystem::UAISubsystem EnvQueryManager (0000017D0F96BE00), frame # 0
[2021.04.08-18.47.31:468][  0]LogAISub: UAISubsystem::UAISubsystem AIPerceptionSystem (0000017D0F9BD6C0), frame # 0
[2021.04.08-18.47.31:529][  0]LogEditorServer: Finished looking for orphan Actors (0.000 secs)
[2021.04.08-18.47.31:541][  0]LogUObjectHash: Compacting FUObjectHashTables data took   0.83ms
[2021.04.08-18.47.31:541][  0]Cmd: MAP CHECKDEP NOCLEARLOG
[2021.04.08-18.47.31:542][  0]MapCheck: Map check complete: 0 Error(s), 0 Warning(s), took 0,239ms to complete.
[2021.04.08-18.47.31:542][  0]LogFileHelpers: Loading map 'Minimal_Default' took 1.998
[2021.04.08-18.47.31:543][  0]LogUnrealEdMisc: Total Editor Startup Time, took 8.264
[2021.04.08-18.47.31:696][  0]LogSlate: Updating window title bar state: overlay mode, drag disabled, window buttons hidden, title bar hidden
[2021.04.08-18.47.31:705][  0]LogSlate: Updating window title bar state: overlay mode, drag disabled, window buttons hidden, title bar hidden
[2021.04.08-18.47.31:712][  0]LogSlate: Updating window title bar state: overlay mode, drag disabled, window buttons hidden, title bar hidden
[2021.04.08-18.47.31:720][  0]LogSlate: Updating window title bar state: overlay mode, drag disabled, window buttons hidden, title bar hidden
[2021.04.08-18.47.31:731][  0]LogCollectionManager: Loaded 0 collections in 0.001635 seconds
[2021.04.08-18.47.31:766][  0]LogFileCache: Scanning file cache for directory 'C:/Users/20021/Documents/Unreal Projects/GeekBrains/BorisenkoAI26/Saved/Collections/' took 0.00s
[2021.04.08-18.47.31:766][  0]LogFileCache: Scanning file cache for directory 'C:/Users/20021/Documents/Unreal Projects/GeekBrains/BorisenkoAI26/Content/Developers/20021/Collections/' took 0.00s
[2021.04.08-18.47.31:766][  0]LogFileCache: Scanning file cache for directory 'C:/Users/20021/Documents/Unreal Projects/GeekBrains/BorisenkoAI26/Content/Collections/' took 0.00s
[2021.04.08-18.47.31:766][  0]LogContentBrowser: Native class hierarchy populated in 0.0108 seconds. Added 3427 classes and 821 folders.
[2021.04.08-18.47.31:775][  0]LogContentBrowser: Native class hierarchy updated for 'WidgetCarousel' in 0.0005 seconds. Added 0 classes and 0 folders.
[2021.04.08-18.47.32:228][  0]LogContentBrowser: Native class hierarchy updated for 'AddContentDialog' in 0.0003 seconds. Added 0 classes and 0 folders.
[2021.04.08-18.47.32:237][  0]LogContentBrowser: Native class hierarchy updated for 'SceneOutliner' in 0.0005 seconds. Added 2 classes and 0 folders.
[2021.04.08-18.47.32:359][  0]LogSlate: Took 0.000277 seconds to synchronously load lazily loaded font '../../../Engine/Content/Slate/Fonts/Roboto-Regular.ttf' (155K)
[2021.04.08-18.47.33:311][  0]LogSlate: Took 0.000247 seconds to synchronously load lazily loaded font '../../../Engine/Content/Slate/Fonts/Roboto-Bold.ttf' (160K)
[2021.04.08-18.47.33:324][  0]LogSlate: Took 0.007852 seconds to synchronously load lazily loaded font '../../../Engine/Content/Editor/Slate/Fonts/FontAwesome.ttf' (139K)
[2021.04.08-18.47.33:424][  0]LogRenderer: Reallocating scene render targets to support 908x464 Format 10 NumSamples 1 (Frame:1).
[2021.04.08-18.47.33:623][  0]LogContentBrowser: Native class hierarchy updated for 'HierarchicalLODOutliner' in 0.0003 seconds. Added 0 classes and 0 folders.
[2021.04.08-18.47.33:623][  0]LogLoad: (Engine Initialization) Total time: 10.34 seconds
[2021.04.08-18.47.33:623][  0]LogLoad: (Engine Initialization) Total Blueprint compile time: 0.00 seconds
[2021.04.08-18.47.33:858][  0]LogAssetRegistry: Asset discovery search completed in 7.4014 seconds
[2021.04.08-18.47.33:863][  0]LogCollectionManager: Fixed up redirectors for 0 collections in 0.000003 seconds (updated 0 objects)
[2021.04.08-18.47.33:881][  0]LogContentStreaming: Texture pool size now 1000 MB
[2021.04.08-18.47.33:968][  0]LogSlate: Took 0.009947 seconds to synchronously load lazily loaded font '../../../Engine/Content/Slate/Fonts/Roboto-Light.ttf' (167K)
[2021.04.08-18.47.34:995][  4]LogSlate: Took 0.000176 seconds to synchronously load lazily loaded font '../../../Engine/Content/Slate/Fonts/Roboto-Light.ttf' (167K)
[2021.04.08-18.47.54:827][475]SourceControl: fatal: C:/Program Files/Epic Games/UE_4.25/Engine/Content: 'C:/Program Files/Epic Games/UE_4.25/Engine/Content' is outside repository at 'C:/Users/20021/Documents/Unreal Projects/GeekBrains/BorisenkoAI26'
[2021.04.08-18.47.54:827][475]SourceControl: fatal: C:/Program Files/Epic Games/UE_4.25/Engine/Plugins/2D/Paper2D/Content: 'C:/Program Files/Epic Games/UE_4.25/Engine/Plugins/2D/Paper2D/Content' is outside repository at 'C:/Users/20021/Documents/Unreal Projects/GeekBrains/BorisenkoAI26'
[2021.04.08-18.47.54:827][475]SourceControl: fatal: C:/Program Files/Epic Games/UE_4.25/Engine/Plugins/Developer/AnimationSharing/Content: 'C:/Program Files/Epic Games/UE_4.25/Engine/Plugins/Developer/AnimationSharing/Content' is outside repository at 'C:/Users/20021/Documents/Unreal Projects/GeekBrains/BorisenkoAI26'
[2021.04.08-18.47.54:827][475]SourceControl: fatal: C:/Program Files/Epic Games/UE_4.25/Engine/Plugins/Editor/GeometryMode/Content: 'C:/Program Files/Epic Games/UE_4.25/Engine/Plugins/Editor/GeometryMode/Content' is outside repository at 'C:/Users/20021/Documents/Unreal Projects/GeekBrains/BorisenkoAI26'
[2021.04.08-18.47.54:827][475]SourceControl: fatal: C:/Program Files/Epic Games/UE_4.25/Engine/Plugins/Enterprise/DatasmithContent/Content: 'C:/Program Files/Epic Games/UE_4.25/Engine/Plugins/Enterprise/DatasmithContent/Content' is outside repository at 'C:/Users/20021/Documents/Unreal Projects/GeekBrains/BorisenkoAI26'
[2021.04.08-18.47.54:827][475]SourceControl: fatal: C:/Program Files/Epic Games/UE_4.25/Engine/Plugins/Experimental/ChaosClothEditor/Content: 'C:/Program Files/Epic Games/UE_4.25/Engine/Plugins/Experimental/ChaosClothEditor/Content' is outside repository at 'C:/Users/20021/Documents/Unreal Projects/GeekBrains/BorisenkoAI26'
[2021.04.08-18.47.54:827][475]SourceControl: fatal: C:/Program Files/Epic Games/UE_4.25/Engine/Plugins/Experimental/ChaosNiagara/Content: 'C:/Program Files/Epic Games/UE_4.25/Engine/Plugins/Experimental/ChaosNiagara/Content' is outside repository at 'C:/Users/20021/Documents/Unreal Projects/GeekBrains/BorisenkoAI26'
[2021.04.08-18.47.54:827][475]SourceControl: fatal: C:/Program Files/Epic Games/UE_4.25/Engine/Plugins/Experimental/ChaosSolverPlugin/Content: 'C:/Program Files/Epic Games/UE_4.25/Engine/Plugins/Experimental/ChaosSolverPlugin/Content' is outside repository at 'C:/Users/20021/Documents/Unreal Projects/GeekBrains/BorisenkoAI26'
[2021.04.08-18.47.54:827][475]SourceControl: fatal: C:/Program Files/Epic Games/UE_4.25/Engine/Plugins/Experimental/GeometryCollectionPlugin/Content: 'C:/Program Files/Epic Games/UE_4.25/Engine/Plugins/Experimental/GeometryCollectionPlugin/Content' is outside repository at 'C:/Users/20021/Documents/Unreal Projects/GeekBrains/BorisenkoAI26'
[2021.04.08-18.47.54:827][475]SourceControl: fatal: C:/Program Files/Epic Games/UE_4.25/Engine/Plugins/Experimental/GeometryProcessing/Content: 'C:/Program Files/Epic Games/UE_4.25/Engine/Plugins/Experimental/GeometryProcessing/Content' is outside repository at 'C:/Users/20021/Documents/Unreal Projects/GeekBrains/BorisenkoAI26'
[2021.04.08-18.47.54:827][475]SourceControl: fatal: C:/Program Files/Epic Games/UE_4.25/Engine/Plugins/FX/Niagara/Content: 'C:/Program Files/Epic Games/UE_4.25/Engine/Plugins/FX/Niagara/Content' is outside repository at 'C:/Users/20021/Documents/Unreal Projects/GeekBrains/BorisenkoAI26'
[2021.04.08-18.47.54:827][475]SourceControl: fatal: C:/Program Files/Epic Games/UE_4.25/Engine/Plugins/Lumin/MagicLeap/Content: 'C:/Program Files/Epic Games/UE_4.25/Engine/Plugins/Lumin/MagicLeap/Content' is outside repository at 'C:/Users/20021/Documents/Unreal Projects/GeekBrains/BorisenkoAI26'
[2021.04.08-18.47.54:828][475]SourceControl: fatal: C:/Program Files/Epic Games/UE_4.25/Engine/Plugins/Lumin/MagicLeapPassableWorld/Content: 'C:/Program Files/Epic Games/UE_4.25/Engine/Plugins/Lumin/MagicLeapPassableWorld/Content' is outside repository at 'C:/Users/20021/Documents/Unreal Projects/GeekBrains/BorisenkoAI26'
[2021.04.08-18.47.54:828][475]SourceControl: fatal: C:/Program Files/Epic Games/UE_4.25/Engine/Plugins/Media/MediaCompositing/Content: 'C:/Program Files/Epic Games/UE_4.25/Engine/Plugins/Media/MediaCompositing/Content' is outside repository at 'C:/Users/20021/Documents/Unreal Projects/GeekBrains/BorisenkoAI26'
[2021.04.08-18.47.54:828][475]SourceControl: fatal: C:/Program Files/Epic Games/UE_4.25/Engine/Plugins/MovieScene/MovieRenderPipeline/Content: 'C:/Program Files/Epic Games/UE_4.25/Engine/Plugins/MovieScene/MovieRenderPipeline/Content' is outside repository at 'C:/Users/20021/Documents/Unreal Projects/GeekBrains/BorisenkoAI26'
[2021.04.08-18.47.54:828][475]SourceControl: fatal: C:/Program Files/Epic Games/UE_4.25/Engine/Plugins/Runtime/Oculus/OculusVR/Content: 'C:/Program Files/Epic Games/UE_4.25/Engine/Plugins/Runtime/Oculus/OculusVR/Content' is outside repository at 'C:/Users/20021/Documents/Unreal Projects/GeekBrains/BorisenkoAI26'
[2021.04.08-18.47.54:828][475]SourceControl: fatal: C:/Program Files/Epic Games/UE_4.25/Engine/Plugins/Runtime/PostSplashScreen/Content: 'C:/Program Files/Epic Games/UE_4.25/Engine/Plugins/Runtime/PostSplashScreen/Content' is outside repository at 'C:/Users/20021/Documents/Unreal Projects/GeekBrains/BorisenkoAI26'
[2021.04.08-18.47.54:828][475]SourceControl: fatal: C:/Program Files/Epic Games/UE_4.25/Engine/Plugins/Runtime/Steam/SteamVR/Content: 'C:/Program Files/Epic Games/UE_4.25/Engine/Plugins/Runtime/Steam/SteamVR/Content' is outside repository at 'C:/Users/20021/Documents/Unreal Projects/GeekBrains/BorisenkoAI26'
[2021.04.08-18.47.54:964][475]EditorErrors: Warning: No assets to check in!
[2021.04.08-18.48.02:816][902]LogAssetEditorSubsystem: Opening Asset editor for Blueprint /Game/Main/Characters/MainCharacter.MainCharacter
[2021.04.08-18.48.03:328][902]LogContentBrowser: Native class hierarchy updated for 'BlueprintGraph' in 0.0006 seconds. Added 125 classes and 0 folders.
[2021.04.08-18.48.04:641][902]LogSlate: Took 0.000159 seconds to synchronously load lazily loaded font '../../../Engine/Content/Slate/Fonts/Roboto-BoldCondensed.ttf' (158K)
[2021.04.08-18.48.04:762][903]LogSlate: Took 0.005914 seconds to synchronously load lazily loaded font '../../../Engine/Content/Slate/Fonts/Roboto-Italic.ttf' (157K)
[2021.04.08-18.56.52:442][811]LogAudioMixer: Warning: Changing default audio render device to new device: {0.0.0.00000000}.{3d99d3e9-6039-424d-9160-2517d1450aac}.
[2021.04.08-18.56.52:442][811]LogTemp: Resetting audio stream to device id 
[2021.04.08-18.56.52:656][811]LogAudioMixer: Display: 0: FrontLeft
[2021.04.08-18.56.52:657][811]LogAudioMixer: Display: 1: FrontRight
[2021.04.08-18.59.19:426][251]LogAudioMixer: Warning: Changing default audio render device to new device: {0.0.0.00000000}.{13a8a819-3208-4508-891a-739d3bc3ef60}.
[2021.04.08-18.59.19:426][251]LogTemp: Resetting audio stream to device id 
[2021.04.08-18.59.19:460][251]LogAudioMixer: Display: 0: FrontLeft
[2021.04.08-18.59.19:461][251]LogAudioMixer: Display: 1: FrontRight
[2021.04.08-19.02.31:330][826]LogAudioMixer: Warning: Changing default audio render device to new device: {0.0.0.00000000}.{3d99d3e9-6039-424d-9160-2517d1450aac}.
[2021.04.08-19.02.31:330][826]LogTemp: Resetting audio stream to device id 
[2021.04.08-19.02.31:367][826]LogAudioMixer: Display: 0: FrontLeft
[2021.04.08-19.02.31:367][826]LogAudioMixer: Display: 1: FrontRight
[2021.04.08-20.08.20:262][873]LogTemp: Resetting audio stream to device id 
[2021.04.08-20.08.20:286][873]LogAudioMixer: Display: 0: FrontLeft
[2021.04.08-20.08.20:287][873]LogAudioMixer: Display: 1: FrontRight
[2021.04.08-20.30.55:959][883]LogD3D11RHI: Timed out while waiting for GPU to catch up. (500 ms)
[2021.04.08-20.30.56:065][883]LogTemp: Resetting audio stream to device id 
[2021.04.08-20.30.56:117][883]LogAudioMixer: Display: 0: FrontLeft
[2021.04.08-20.30.56:117][883]LogAudioMixer: Display: 1: FrontRight
[2021.04.08-20.31.15:649][943]LogHttp: Warning: 0000017D899B6B00: invalid HTTP response code received. URL: https://datarouter.ol.epicgames.com/datarouter/api/v1/public/data?SessionID=%7B715985D1-4DAB-67C3-612B-CF81DB6B7A01%7D&AppID=UEEditor.Rocket.Release&AppVersion=4.25.4-14469661%2B%2B%2BUE4%2BRelease-4.25&UserID=39381a4f4a30f6a618051f88f9dab84d%7C4c5270a5d7c147028d9a4fea75ed720d%7C1cae8ec6-1348-4066-aec0-f058c48a33dc&AppEnvironment=datacollector-source&UploadType=eteventstream, HTTP code: 0, content length: 0, actual payload size: 0
[2021.04.08-20.31.15:649][943]LogHttp: Warning: 0000017D899B6B00: request failed, libcurl error: 56 (Failure when receiving data from the peer)
[2021.04.08-20.31.15:649][943]LogHttp: Warning: 0000017D899B6B00: libcurl info message cache 0 (Found bundle for host datarouter.ol.epicgames.com: 0x17d7bbeff70 [can pipeline])
[2021.04.08-20.31.15:649][943]LogHttp: Warning: 0000017D899B6B00: libcurl info message cache 1 (Re-using existing connection! (#26) with host datarouter.ol.epicgames.com)
[2021.04.08-20.31.15:649][943]LogHttp: Warning: 0000017D899B6B00: libcurl info message cache 2 (Connected to datarouter.ol.epicgames.com (52.207.62.10) port 443 (#26))
[2021.04.08-20.31.15:649][943]LogHttp: Warning: 0000017D899B6B00: libcurl info message cache 3 (We are completely uploaded and fine)
[2021.04.08-20.31.15:649][943]LogHttp: Warning: 0000017D899B6B00: libcurl info message cache 4 (OpenSSL SSL_read: SSL_ERROR_SYSCALL, errno 10054)
[2021.04.08-20.31.15:649][943]LogHttp: Warning: 0000017D899B6B00: libcurl info message cache 5 (Connection died, retrying a fresh connect)
[2021.04.08-20.31.15:649][943]LogHttp: Warning: 0000017D899B6B00: libcurl info message cache 6 (necessary data rewind wasn't possible)
[2021.04.08-20.31.15:649][943]LogHttp: Warning: 0000017D899B6B00: libcurl info message cache 7 (Closing connection 26)
[2021.04.08-20.31.15:983][944]LogHttp: Warning: Retry exhausted on https://datarouter.ol.epicgames.com/datarouter/api/v1/public/data?SessionID=%7B715985D1-4DAB-67C3-612B-CF81DB6B7A01%7D&AppID=UEEditor.Rocket.Release&AppVersion=4.25.4-14469661%2B%2B%2BUE4%2BRelease-4.25&UserID=39381a4f4a30f6a618051f88f9dab84d%7C4c5270a5d7c147028d9a4fea75ed720d%7C1cae8ec6-1348-4066-aec0-f058c48a33dc&AppEnvironment=datacollector-source&UploadType=eteventstream
[2021.04.08-20.35.28:853][701]LogWindowsTextInputMethodSystem: Display: IME system now deactivated.
[2021.04.08-20.35.28:854][701]LogWindowsTextInputMethodSystem: Display: IME system now deactivated.
[2021.04.08-20.35.30:785][787]LogAssetEditorSubsystem: Opening Asset editor for Blueprint /Game/Main/Characters/Character2.Character2
[2021.04.08-20.35.36:397][ 73]LogWindowsTextInputMethodSystem: Display: IME system now deactivated.
[2021.04.08-20.35.36:397][ 73]LogWindowsTextInputMethodSystem: Display: IME system now deactivated.
[2021.04.08-20.35.39:232][241]LogBlueprint: Warning: Reparenting blueprint Blueprint /Game/Main/Characters/Character2.Character2 from Character to MainCharacter_C...
[2021.04.08-20.35.39:268][241]LogBlueprint: Warning: [Compiler Character2] Found a component variable with a conflicting name (SpringArm) - changed to SpringArm_0.
[2021.04.08-20.35.39:269][241]LogBlueprint: Warning: [Compiler Character2] Found a component variable with a conflicting name (Camera) - changed to Camera_0.
[2021.04.08-20.35.39:286][241]BlueprintLog: New page: Compile Character2
[2021.04.08-20.35.39:408][241]LogUObjectHash: Compacting FUObjectHashTables data took   5.91ms
[2021.04.08-20.35.52:446][  7]BlueprintLog: New page: Compile Character2
[2021.04.08-20.35.52:525][  7]LogUObjectHash: Compacting FUObjectHashTables data took   2.07ms
[2021.04.08-20.35.56:490][223]LogSavePackage: Moving '../../../../../../Users/20021/Documents/Unreal Projects/GeekBrains/BorisenkoAI26/Saved/Character296C3FBF346030B344347C096178D70F0.tmp' to '../../../../../../Users/20021/Documents/Unreal Projects/GeekBrains/BorisenkoAI26/Content/Main/Characters/Character2.uasset'
[2021.04.08-20.35.56:520][223]AssetCheck: New page: Asset Save: Character2
[2021.04.08-20.35.56:520][223]LogContentValidation: Display: Validating Blueprint /Game/Main/Characters/Character2.Character2
[2021.04.08-20.35.57:954][308]LogWorld: UWorld::CleanupWorld for World_6, bSessionEnded=true, bCleanupResources=true
[2021.04.08-20.35.57:954][308]LogSlate: InvalidateAllWidgets triggered.  All widgets were invalidated
[2021.04.08-20.36.00:520][446]LogAssetEditorSubsystem: Opening Asset editor for Blueprint /Game/Main/Characters/Character3.Character3
[2021.04.08-20.36.05:390][711]LogSlate: Prevented a slow task dialog from being summoned while a context menu was open
[2021.04.08-20.36.09:124][931]LogBlueprint: Warning: Reparenting blueprint Blueprint /Game/Main/Characters/Character3.Character3 from Character to MainCharacter_C...
[2021.04.08-20.36.09:134][931]LogBlueprint: Warning: [Compiler Character3] Found a component variable with a conflicting name (SpringArm) - changed to SpringArm_0.
[2021.04.08-20.36.09:134][931]LogBlueprint: Warning: [Compiler Character3] Found a component variable with a conflicting name (Camera) - changed to Camera_0.
[2021.04.08-20.36.09:142][931]BlueprintLog: New page: Compile Character3
[2021.04.08-20.36.09:211][931]LogUObjectHash: Compacting FUObjectHashTables data took   2.77ms
[2021.04.08-20.36.14:751][242]BlueprintLog: New page: Compile Character3
[2021.04.08-20.36.14:826][242]LogUObjectHash: Compacting FUObjectHashTables data took   2.12ms
[2021.04.08-20.36.17:584][394]LogSavePackage: Moving '../../../../../../Users/20021/Documents/Unreal Projects/GeekBrains/BorisenkoAI26/Saved/Character3546BEA7C434B23D4ED8399AC5D62E235.tmp' to '../../../../../../Users/20021/Documents/Unreal Projects/GeekBrains/BorisenkoAI26/Content/Main/Characters/Character3.uasset'
[2021.04.08-20.36.17:601][394]AssetCheck: New page: Asset Save: Character3
[2021.04.08-20.36.17:601][394]LogContentValidation: Display: Validating Blueprint /Game/Main/Characters/Character3.Character3
[2021.04.08-20.36.18:544][451]LogWorld: UWorld::CleanupWorld for World_7, bSessionEnded=true, bCleanupResources=true
[2021.04.08-20.36.18:544][451]LogSlate: InvalidateAllWidgets triggered.  All widgets were invalidated
[2021.04.08-20.36.25:818][868]LogAssetEditorSubsystem: Opening Asset editor for Blueprint /Game/Main/Characters/Character4.Character4
[2021.04.08-20.36.28:494][997]LogSlate: Prevented a slow task dialog from being summoned while a context menu was open
[2021.04.08-20.36.32:310][219]LogBlueprint: Warning: Reparenting blueprint Blueprint /Game/Main/Characters/Character4.Character4 from Character to MainCharacter_C...
[2021.04.08-20.36.32:323][219]LogBlueprint: Warning: [Compiler Character4] Found a component variable with a conflicting name (SpringArm) - changed to SpringArm_0.
[2021.04.08-20.36.32:323][219]LogBlueprint: Warning: [Compiler Character4] Found a component variable with a conflicting name (Camera) - changed to Camera_0.
[2021.04.08-20.36.32:331][219]BlueprintLog: New page: Compile Character4
[2021.04.08-20.36.32:402][219]LogUObjectHash: Compacting FUObjectHashTables data took   2.07ms
[2021.04.08-20.36.33:406][269]BlueprintLog: New page: Compile Character4
[2021.04.08-20.36.33:489][269]LogUObjectHash: Compacting FUObjectHashTables data took   2.50ms
[2021.04.08-20.36.45:649][966]LogSavePackage: Moving '../../../../../../Users/20021/Documents/Unreal Projects/GeekBrains/BorisenkoAI26/Saved/Character448C6DF1B4F285FD164FB8398B643C75C.tmp' to '../../../../../../Users/20021/Documents/Unreal Projects/GeekBrains/BorisenkoAI26/Content/Main/Characters/Character4.uasset'
[2021.04.08-20.36.45:664][966]AssetCheck: New page: Asset Save: Character4
[2021.04.08-20.36.45:664][966]LogContentValidation: Display: Validating Blueprint /Game/Main/Characters/Character4.Character4
[2021.04.08-20.36.46:265][  2]LogTemp: Repeating last play command: Selected Viewport
[2021.04.08-20.36.46:280][  2]LogPlayLevel: PlayLevel: No blueprints needed recompiling
[2021.04.08-20.36.46:286][  2]PIE: New page: PIE session: Minimal_Default (9 апр. 2021 г., 02:36:46)
[2021.04.08-20.36.46:290][  2]LogOnline: OSS: Creating online subsystem instance for: NULL
[2021.04.08-20.36.46:292][  2]LogOnline: OSS: TryLoadSubsystemAndSetDefault: Loaded subsystem for module [NULL]
[2021.04.08-20.36.46:293][  2]LogPlayLevel: Creating play world package: /Game/StarterContent/Maps/UEDPIE_0_Minimal_Default
[2021.04.08-20.36.46:304][  2]LogPlayLevel: PIE: StaticDuplicateObject took: (0.010183s)
[2021.04.08-20.36.46:305][  2]LogAIModule: Creating AISystem for world Minimal_Default
[2021.04.08-20.36.46:306][  2]LogAISub: UAISubsystem::UAISubsystem EnvQueryManager (0000017DDBD13E00), frame # 21002
[2021.04.08-20.36.46:306][  2]LogAISub: UAISubsystem::UAISubsystem AIPerceptionSystem (0000017D61AD2FC0), frame # 21002
[2021.04.08-20.36.46:306][  2]LogPlayLevel: PIE: World Init took: (0.002162s)
[2021.04.08-20.36.46:306][  2]LogPlayLevel: PIE: Created PIE world by copying editor world from /Game/StarterContent/Maps/Minimal_Default.Minimal_Default to /Game/StarterContent/Maps/UEDPIE_0_Minimal_Default.Minimal_Default (0.013219s)
[2021.04.08-20.36.46:329][  2]LogUObjectHash: Compacting FUObjectHashTables data took   1.91ms
[2021.04.08-20.36.46:331][  2]LogAudioMixer: Display: Audio Mixer Platform Settings:
[2021.04.08-20.36.46:331][  2]LogAudioMixer: Display: 	Sample Rate:						  48000
[2021.04.08-20.36.46:331][  2]LogAudioMixer: Display: 	Callback Buffer Frame Size Requested: 1024
[2021.04.08-20.36.46:331][  2]LogAudioMixer: Display: 	Callback Buffer Frame Size To Use:	  1024
[2021.04.08-20.36.46:331][  2]LogAudioMixer: Display: 	Number of buffers to queue:			  2
[2021.04.08-20.36.46:332][  2]LogAudioMixer: Display: 	Max Channels (voices):				  32
[2021.04.08-20.36.46:332][  2]LogAudioMixer: Display: 	Number of Async Source Workers:		  0
[2021.04.08-20.36.46:332][  2]LogAudio: Display: AudioDevice MaxSources: 32
[2021.04.08-20.36.46:332][  2]LogAudio: Display: Using built-in audio occlusion.
[2021.04.08-20.36.46:332][  2]LogAudioMixer: Display: Initializing audio mixer.
[2021.04.08-20.36.46:335][  2]LogAudioMixer: Display: 0: FrontLeft
[2021.04.08-20.36.46:335][  2]LogAudioMixer: Display: 1: FrontRight
[2021.04.08-20.36.46:358][  2]LogAudioMixer: Display: Using Audio Device Наушники (Realtek(R) Audio)
[2021.04.08-20.36.46:358][  2]LogAudioMixer: Display: Initializing Sound Submixes...
[2021.04.08-20.36.46:358][  2]LogAudioMixer: Display: Creating Master Submix 'MasterSubmixDefault'
[2021.04.08-20.36.46:358][  2]LogAudioMixer: Display: Creating Master Submix 'MasterReverbSubmixDefault'
[2021.04.08-20.36.46:359][  2]LogAudioMixer: Display: Creating Master Submix 'MasterEQSubmixDefault'
[2021.04.08-20.36.46:377][  2]LogInit: FAudioDevice initialized.
[2021.04.08-20.36.46:416][  2]LogLoad: Game class is 'MainGM_C'
[2021.04.08-20.36.46:425][  2]LogWorld: Bringing World /Game/StarterContent/Maps/UEDPIE_0_Minimal_Default.Minimal_Default up for play (max tick rate 60) at 2021.04.08-23.36.46
[2021.04.08-20.36.46:433][  2]LogWorld: Bringing up level for play took: 0.011119
[2021.04.08-20.36.46:434][  2]LogOnline: OSS: Creating online subsystem instance for: :Context_10
[2021.04.08-20.36.46:444][  2]LogContentBrowser: Native class hierarchy updated for 'MovieSceneCapture' in 0.0011 seconds. Added 20 classes and 0 folders.
[2021.04.08-20.36.46:451][  2]PIE: Server logged in
[2021.04.08-20.36.46:453][  2]PIE: Play in editor total start time 0,177 seconds.
[2021.04.08-20.36.52:209][253]LogSlate: Updating window title bar state: overlay mode, drag disabled, window buttons hidden, title bar hidden
[2021.04.08-20.36.52:209][253]LogWorld: BeginTearingDown for /Game/StarterContent/Maps/UEDPIE_0_Minimal_Default
[2021.04.08-20.36.52:210][253]LogWorld: UWorld::CleanupWorld for Minimal_Default, bSessionEnded=true, bCleanupResources=true
[2021.04.08-20.36.52:210][253]LogSlate: InvalidateAllWidgets triggered.  All widgets were invalidated
[2021.04.08-20.36.52:217][253]LogPlayLevel: Display: Shutting down PIE online subsystems
[2021.04.08-20.36.52:220][253]LogSlate: InvalidateAllWidgets triggered.  All widgets were invalidated
[2021.04.08-20.36.52:268][253]LogSlate: Updating window title bar state: overlay mode, drag disabled, window buttons hidden, title bar hidden
[2021.04.08-20.36.52:284][253]LogAISub: UAISubsystem::~UAISubsystem AIPerceptionSystem (0000017D61AD2FC0), frame # 21253
[2021.04.08-20.36.52:284][253]LogAISub: UAISubsystem::~UAISubsystem EnvQueryManager (0000017DDBD13E00), frame # 21253
[2021.04.08-20.36.52:312][253]LogUObjectHash: Compacting FUObjectHashTables data took   3.22ms
[2021.04.08-20.36.52:345][254]LogPlayLevel: Display: Destroying online subsystem :Context_10
[2021.04.08-20.36.53:388][315]LogSlate: Window 'Character4' being destroyed
[2021.04.08-20.36.53:394][315]LogWorld: UWorld::CleanupWorld for World_8, bSessionEnded=true, bCleanupResources=true
[2021.04.08-20.36.53:394][315]LogSlate: InvalidateAllWidgets triggered.  All widgets were invalidated
[2021.04.08-20.36.54:492][376]LogTemp: Repeating last play command: Selected Viewport
[2021.04.08-20.36.54:509][376]LogPlayLevel: PlayLevel: No blueprints needed recompiling
[2021.04.08-20.36.54:509][376]PIE: New page: PIE session: Minimal_Default (9 апр. 2021 г., 02:36:54)
[2021.04.08-20.36.54:510][376]LogPlayLevel: Creating play world package: /Game/StarterContent/Maps/UEDPIE_0_Minimal_Default
[2021.04.08-20.36.54:514][376]LogPlayLevel: PIE: StaticDuplicateObject took: (0.004476s)
[2021.04.08-20.36.54:515][376]LogAIModule: Creating AISystem for world Minimal_Default
[2021.04.08-20.36.54:515][376]LogAISub: UAISubsystem::UAISubsystem EnvQueryManager (0000017DF0A38200), frame # 21376
[2021.04.08-20.36.54:515][376]LogAISub: UAISubsystem::UAISubsystem AIPerceptionSystem (0000017D95AB0540), frame # 21376
[2021.04.08-20.36.54:516][376]LogPlayLevel: PIE: World Init took: (0.001468s)
[2021.04.08-20.36.54:516][376]LogPlayLevel: PIE: Created PIE world by copying editor world from /Game/StarterContent/Maps/Minimal_Default.Minimal_Default to /Game/StarterContent/Maps/UEDPIE_0_Minimal_Default.Minimal_Default (0.006063s)
[2021.04.08-20.36.54:544][376]LogUObjectHash: Compacting FUObjectHashTables data took   2.44ms
[2021.04.08-20.36.54:545][376]LogAudioMixer: Display: Audio Mixer Platform Settings:
[2021.04.08-20.36.54:545][376]LogAudioMixer: Display: 	Sample Rate:						  48000
[2021.04.08-20.36.54:545][376]LogAudioMixer: Display: 	Callback Buffer Frame Size Requested: 1024
[2021.04.08-20.36.54:545][376]LogAudioMixer: Display: 	Callback Buffer Frame Size To Use:	  1024
[2021.04.08-20.36.54:545][376]LogAudioMixer: Display: 	Number of buffers to queue:			  2
[2021.04.08-20.36.54:545][376]LogAudioMixer: Display: 	Max Channels (voices):				  32
[2021.04.08-20.36.54:545][376]LogAudioMixer: Display: 	Number of Async Source Workers:		  0
[2021.04.08-20.36.54:545][376]LogAudio: Display: AudioDevice MaxSources: 32
[2021.04.08-20.36.54:546][376]LogAudio: Display: Using built-in audio occlusion.
[2021.04.08-20.36.54:546][376]LogAudioMixer: Display: Initializing audio mixer.
[2021.04.08-20.36.54:549][376]LogAudioMixer: Display: 0: FrontLeft
[2021.04.08-20.36.54:549][376]LogAudioMixer: Display: 1: FrontRight
[2021.04.08-20.36.54:568][376]LogAudioMixer: Display: Using Audio Device Наушники (Realtek(R) Audio)
[2021.04.08-20.36.54:568][376]LogAudioMixer: Display: Initializing Sound Submixes...
[2021.04.08-20.36.54:568][376]LogAudioMixer: Display: Creating Master Submix 'MasterSubmixDefault'
[2021.04.08-20.36.54:568][376]LogAudioMixer: Display: Creating Master Submix 'MasterReverbSubmixDefault'
[2021.04.08-20.36.54:569][376]LogAudioMixer: Display: Creating Master Submix 'MasterEQSubmixDefault'
[2021.04.08-20.36.54:588][376]LogInit: FAudioDevice initialized.
[2021.04.08-20.36.54:599][376]LogLoad: Game class is 'MainGM_C'
[2021.04.08-20.36.54:601][376]LogWorld: Bringing World /Game/StarterContent/Maps/UEDPIE_0_Minimal_Default.Minimal_Default up for play (max tick rate 60) at 2021.04.08-23.36.54
[2021.04.08-20.36.54:602][376]LogWorld: Bringing up level for play took: 0.002230
[2021.04.08-20.36.54:602][376]LogOnline: OSS: Creating online subsystem instance for: :Context_11
[2021.04.08-20.36.54:606][376]PIE: Server logged in
[2021.04.08-20.36.54:607][376]PIE: Play in editor total start time 0,098 seconds.
[2021.04.08-20.37.19:526][867]LogSlate: Updating window title bar state: overlay mode, drag disabled, window buttons hidden, title bar hidden
[2021.04.08-20.37.19:526][867]LogWorld: BeginTearingDown for /Game/StarterContent/Maps/UEDPIE_0_Minimal_Default
[2021.04.08-20.37.19:526][867]LogWorld: UWorld::CleanupWorld for Minimal_Default, bSessionEnded=true, bCleanupResources=true
[2021.04.08-20.37.19:527][867]LogSlate: InvalidateAllWidgets triggered.  All widgets were invalidated
[2021.04.08-20.37.19:539][867]LogPlayLevel: Display: Shutting down PIE online subsystems
[2021.04.08-20.37.19:543][867]LogSlate: InvalidateAllWidgets triggered.  All widgets were invalidated
[2021.04.08-20.37.19:584][867]LogSlate: Updating window title bar state: overlay mode, drag disabled, window buttons hidden, title bar hidden
[2021.04.08-20.37.19:586][867]LogAISub: UAISubsystem::~UAISubsystem AIPerceptionSystem (0000017D95AB0540), frame # 22867
[2021.04.08-20.37.19:586][867]LogAISub: UAISubsystem::~UAISubsystem EnvQueryManager (0000017DF0A38200), frame # 22867
[2021.04.08-20.37.19:589][867]LogUObjectHash: Compacting FUObjectHashTables data took   2.63ms
[2021.04.08-20.37.19:619][868]LogPlayLevel: Display: Destroying online subsystem :Context_11
[2021.04.08-20.38.24:814][749]LogUObjectHash: Compacting FUObjectHashTables data took   2.20ms
[2021.04.08-20.38.24:851][749]LogSavePackage: Moving '../../../../../../Users/20021/Documents/Unreal Projects/GeekBrains/BorisenkoAI26/Saved/Minimal_DefaultB9C2D24E4727568DA2500388AB6950E1.tmp' to '../../../../../../Users/20021/Documents/Unreal Projects/GeekBrains/BorisenkoAI26/Content/StarterContent/Maps/Minimal_Default.umap'
[2021.04.08-20.38.25:001][749]LogSavePackage: Moving '../../../../../../Users/20021/Documents/Unreal Projects/GeekBrains/BorisenkoAI26/Saved/Minimal_Default_BuiltDataC01DEBBC4D27C90DE79A6D9DBB06F2F9.tmp' to '../../../../../../Users/20021/Documents/Unreal Projects/GeekBrains/BorisenkoAI26/Content/StarterContent/Maps/Minimal_Default_BuiltData.uasset'
[2021.04.08-20.38.25:014][749]AssetCheck: New page: Asset Save: multiple assets
[2021.04.08-20.38.25:015][749]LogContentValidation: Display: Validating World /Game/StarterContent/Maps/Minimal_Default.Minimal_Default
[2021.04.08-20.38.25:015][749]LogContentValidation: Display: Validating MapBuildDataRegistry /Game/StarterContent/Maps/Minimal_Default_BuiltData.Minimal_Default_BuiltData
